<?xml version="1.0" encoding="UTF-8"?>
<robot generator="Rebot 7.4.2 (Python 3.14.0 on win32)" generated="2026-06-20T13:00:53.162370" rpa="false" schemaversion="5">
<suite id="s1" name="Tests" source="C:\Users\azads\OneDrive\Desktop\project\tests">
<suite id="s1-s1" name="API" source="C:\Users\azads\OneDrive\Desktop\project\tests\API">
<suite id="s1-s1-s1" name="Negative" source="C:\Users\azads\OneDrive\Desktop\project\tests\API\Negative">
<suite id="s1-s1-s1-s1" name="TC-API-ACC-02" source="C:\Users\azads\OneDrive\Desktop\project\tests\API\Negative\TC-API-ACC-02.robot">
<test id="s1-s1-s1-s1-t1" name="TC-API-ACC-02" line="5">
<kw name="Invalid account retrieval" owner="api_keywords">
<kw name="Create Dictionary" owner="BuiltIn">
<msg time="2026-06-20T12:58:52.033317" level="INFO">${headers} = {'Accept': 'application/json'}</msg>
<var>${headers}</var>
<arg>Accept=application/json</arg>
<doc>Creates and returns a dictionary based on the given ``items``.</doc>
<status status="PASS" start="2026-06-20T12:58:52.031503" elapsed="0.001973"/>
</kw>
<kw name="Create Session" owner="RequestsLibrary">
<msg time="2026-06-20T12:58:52.037557" level="INFO">Creating Session using : alias=bankApi, url=https://parabank.parasoft.com/parabank/services/bank, headers={'Accept': 'application/json'},                     cookies={}, auth=None, timeout=None, proxies=None, verify=True,                     debug=0 </msg>
<arg>bankApi</arg>
<arg>${API_BASE_URL}</arg>
<arg>verify=True</arg>
<arg>headers=${headers}</arg>
<doc>Create Session: create a HTTP session to a server</doc>
<status status="PASS" start="2026-06-20T12:58:52.036098" elapsed="0.002565"/>
</kw>
<kw name="GET On Session" owner="RequestsLibrary">
<msg time="2026-06-20T12:58:54.467381" level="INFO">GET Request : url=https://parabank.parasoft.com/parabank/services/bank/customers/9999999/accounts 
 path_url=/parabank/services/bank/customers/9999999/accounts 
 headers={'User-Agent': 'python-requests/2.34.2', 'Accept-Encoding': 'gzip, deflate, zstd', 'Accept': 'application/json', 'Connection': 'keep-alive'} 
 body=None 
 </msg>
<msg time="2026-06-20T12:58:54.467732" level="INFO">GET Response : url=https://parabank.parasoft.com/parabank/services/bank/customers/9999999/accounts 
 status=400, reason=Bad Request 
 headers={'Date': 'Sat, 20 Jun 2026 07:28:54 GMT', 'Content-Type': 'text/plain;charset=UTF-8', 'Content-Length': '32', 'Connection': 'keep-alive', 'Server': 'cloudflare', 'cf-cache-status': 'DYNAMIC', 'X-Content-Type-Options': 'nosniff', 'CF-RAY': 'a0e90f2eda79aed9-BOM'} 
 body=Could not find customer #9999999 
 </msg>
<msg time="2026-06-20T12:58:54.468085" level="INFO">${response} = &lt;Response [400]&gt;</msg>
<var>${response}</var>
<arg>bankApi</arg>
<arg>/customers/9999999/accounts</arg>
<arg>expected_status=any</arg>
<doc>Sends a GET request on a previously created HTTP Session.</doc>
<status status="PASS" start="2026-06-20T12:58:52.041692" elapsed="2.426488"/>
</kw>
<kw name="Should Be Equal As Integers" owner="BuiltIn">
<msg time="2026-06-20T12:58:54.473068" level="INFO">Argument types are:
&lt;class 'int'&gt;
&lt;class 'str'&gt;</msg>
<arg>${response.status_code}</arg>
<arg>400</arg>
<doc>Fails if objects are unequal after converting them to integers.</doc>
<status status="PASS" start="2026-06-20T12:58:54.471287" elapsed="0.001982"/>
</kw>
<kw name="Log To Console" owner="BuiltIn">
<arg>Status: ${response.status_code}</arg>
<doc>Logs the given message to the console.</doc>
<status status="PASS" start="2026-06-20T12:58:54.475601" elapsed="0.002002"/>
</kw>
<kw name="Log To Console" owner="BuiltIn">
<arg>Response: ${response.text}</arg>
<doc>Logs the given message to the console.</doc>
<status status="PASS" start="2026-06-20T12:58:54.478242" elapsed="0.001879"/>
</kw>
<kw name="Should Contain" owner="BuiltIn">
<arg>${response.text}</arg>
<arg>customer</arg>
<doc>Fails if ``container`` does not contain ``item`` one or more times.</doc>
<status status="PASS" start="2026-06-20T12:58:54.480907" elapsed="0.003166"/>
</kw>
<tag>@api @regression</tag>
<doc>Retrieve accounts using customer ID</doc>
<status status="PASS" start="2026-06-20T12:58:52.029606" elapsed="2.455036"/>
</kw>
<doc>This test case is to verify the invalid account retrieval</doc>
<status status="PASS" start="2026-06-20T12:58:52.026817" elapsed="2.458415"/>
</test>
<status status="PASS" start="2026-06-20T12:58:51.489000" elapsed="2.459000"/>
</suite>
<suite id="s1-s1-s1-s2" name="TC-API-ACC-07" source="C:\Users\azads\OneDrive\Desktop\project\tests\API\Negative\TC-API-ACC-07.robot">
<test id="s1-s1-s1-s2-t1" name="TC-API-ACC-07" line="5">
<kw name="Get Specific Account Details with Invalid Account ID" owner="api_keywords">
<kw name="Create Dictionary" owner="BuiltIn">
<msg time="2026-06-20T12:58:52.031007" level="INFO">${headers} = {'Accept': 'application/json'}</msg>
<var>${headers}</var>
<arg>Accept=application/json</arg>
<doc>Creates and returns a dictionary based on the given ``items``.</doc>
<status status="PASS" start="2026-06-20T12:58:52.029337" elapsed="0.001820"/>
</kw>
<kw name="Create Session" owner="RequestsLibrary">
<msg time="2026-06-20T12:58:52.035394" level="INFO">Creating Session using : alias=bankApi, url=https://parabank.parasoft.com/parabank/services/bank, headers={'Accept': 'application/json'},                     cookies={}, auth=None, timeout=None, proxies=None, verify=True,                     debug=0 </msg>
<arg>bankApi</arg>
<arg>${API_BASE_URL}</arg>
<arg>verify=True</arg>
<arg>headers=${headers}</arg>
<doc>Create Session: create a HTTP session to a server</doc>
<status status="PASS" start="2026-06-20T12:58:52.034344" elapsed="0.001706"/>
</kw>
<kw name="GET On Session" owner="RequestsLibrary">
<msg time="2026-06-20T12:58:54.411854" level="INFO">GET Request : url=https://parabank.parasoft.com/parabank/services/bank/accounts/0000000 
 path_url=/parabank/services/bank/accounts/0000000 
 headers={'User-Agent': 'python-requests/2.34.2', 'Accept-Encoding': 'gzip, deflate, zstd', 'Accept': 'application/json', 'Connection': 'keep-alive'} 
 body=None 
 </msg>
<msg time="2026-06-20T12:58:54.412165" level="INFO">GET Response : url=https://parabank.parasoft.com/parabank/services/bank/accounts/0000000 
 status=400, reason=Bad Request 
 headers={'Date': 'Sat, 20 Jun 2026 07:28:54 GMT', 'Content-Type': 'text/plain;charset=UTF-8', 'Content-Length': '25', 'Connection': 'keep-alive', 'Server': 'cloudflare', 'cf-cache-status': 'DYNAMIC', 'X-Content-Type-Options': 'nosniff', 'CF-RAY': 'a0e90f2ede6a31b7-BOM'} 
 body=Could not find account #0 
 </msg>
<msg time="2026-06-20T12:58:54.412464" level="INFO">${response} = &lt;Response [400]&gt;</msg>
<var>${response}</var>
<arg>bankApi</arg>
<arg>/accounts/0000000</arg>
<arg>expected_status=any</arg>
<doc>Sends a GET request on a previously created HTTP Session.</doc>
<status status="PASS" start="2026-06-20T12:58:52.038786" elapsed="2.373758"/>
</kw>
<kw name="Log To Console" owner="BuiltIn">
<arg>Status Code: ${response.status_code}</arg>
<doc>Logs the given message to the console.</doc>
<status status="PASS" start="2026-06-20T12:58:54.414756" elapsed="0.001862"/>
</kw>
<kw name="Log To Console" owner="BuiltIn">
<arg>${response.text}</arg>
<doc>Logs the given message to the console.</doc>
<status status="PASS" start="2026-06-20T12:58:54.417132" elapsed="0.001895"/>
</kw>
<kw name="Should Be Equal As Integers" owner="BuiltIn">
<msg time="2026-06-20T12:58:54.420768" level="INFO">Argument types are:
&lt;class 'int'&gt;
&lt;class 'str'&gt;</msg>
<arg>${response.status_code}</arg>
<arg>400</arg>
<doc>Fails if objects are unequal after converting them to integers.</doc>
<status status="PASS" start="2026-06-20T12:58:54.419592" elapsed="0.001324"/>
</kw>
<kw name="Should Contain" owner="BuiltIn">
<arg>${response.text}</arg>
<arg>Could not find account</arg>
<doc>Fails if ``container`` does not contain ``item`` one or more times.</doc>
<status status="PASS" start="2026-06-20T12:58:54.423308" elapsed="0.002315"/>
</kw>
<tag>@api</tag>
<tag>@negative</tag>
<tag>@regression</tag>
<doc>Retrieve specific account details using invalid account ID</doc>
<status status="PASS" start="2026-06-20T12:58:52.027248" elapsed="2.398902"/>
</kw>
<doc>GEt account with invalid account ID</doc>
<tag>@api</tag>
<tag>@negative</tag>
<status status="PASS" start="2026-06-20T12:58:52.024464" elapsed="2.402060"/>
</test>
<status status="PASS" start="2026-06-20T12:58:51.491273" elapsed="2.937038"/>
</suite>
<suite id="s1-s1-s1-s3" name="TC-API-LGN-02" source="C:\Users\azads\OneDrive\Desktop\project\tests\API\Negative\TC-API-LGN-02.robot">
<test id="s1-s1-s1-s3-t1" name="TC-API-LGN-02" line="5">
<kw name="Login With Invalid Credentials" owner="api_keywords">
<kw name="Create Dictionary" owner="BuiltIn">
<msg time="2026-06-20T12:58:52.010499" level="INFO">${headers} = {'Accept': 'application/json'}</msg>
<var>${headers}</var>
<arg>Accept=application/json</arg>
<doc>Creates and returns a dictionary based on the given ``items``.</doc>
<status status="PASS" start="2026-06-20T12:58:52.008758" elapsed="0.001903"/>
</kw>
<kw name="Create Session" owner="RequestsLibrary">
<msg time="2026-06-20T12:58:52.014705" level="INFO">Creating Session using : alias=bankApi, url=https://parabank.parasoft.com/parabank/services/bank, headers={'Accept': 'application/json'},                     cookies={}, auth=None, timeout=None, proxies=None, verify=True,                     debug=0 </msg>
<arg>bankApi</arg>
<arg>${API_BASE_URL}</arg>
<arg>verify=True</arg>
<arg>headers=${headers}</arg>
<doc>Create Session: create a HTTP session to a server</doc>
<status status="PASS" start="2026-06-20T12:58:52.013704" elapsed="0.001710"/>
</kw>
<kw name="GET On Session" owner="RequestsLibrary">
<msg time="2026-06-20T12:58:54.467363" level="INFO">GET Request : url=https://parabank.parasoft.com/parabank/services/bank/login/invalidUser/invalidPass 
 path_url=/parabank/services/bank/login/invalidUser/invalidPass 
 headers={'User-Agent': 'python-requests/2.34.2', 'Accept-Encoding': 'gzip, deflate, zstd', 'Accept': 'application/json', 'Connection': 'keep-alive'} 
 body=None 
 </msg>
<msg time="2026-06-20T12:58:54.467683" level="INFO">GET Response : url=https://parabank.parasoft.com/parabank/services/bank/login/invalidUser/invalidPass 
 status=400, reason=Bad Request 
 headers={'Date': 'Sat, 20 Jun 2026 07:28:54 GMT', 'Content-Type': 'text/plain;charset=UTF-8', 'Content-Length': '32', 'Connection': 'keep-alive', 'Server': 'cloudflare', 'cf-cache-status': 'DYNAMIC', 'X-Content-Type-Options': 'nosniff', 'CF-RAY': 'a0e90f2edd0b90f3-BOM'} 
 body=Invalid username and/or password 
 </msg>
<msg time="2026-06-20T12:58:54.468003" level="INFO">${response} = &lt;Response [400]&gt;</msg>
<var>${response}</var>
<arg>bankApi</arg>
<arg>/login/invalidUser/invalidPass</arg>
<arg>expected_status=any</arg>
<doc>Sends a GET request on a previously created HTTP Session.</doc>
<status status="PASS" start="2026-06-20T12:58:52.018529" elapsed="2.449594"/>
</kw>
<kw name="Log To Console" owner="BuiltIn">
<arg>Status Code: ${response.status_code}</arg>
<doc>Logs the given message to the console.</doc>
<status status="PASS" start="2026-06-20T12:58:54.471049" elapsed="0.002061"/>
</kw>
<kw name="Log To Console" owner="BuiltIn">
<arg>${response.text}</arg>
<doc>Logs the given message to the console.</doc>
<status status="PASS" start="2026-06-20T12:58:54.473770" elapsed="0.001905"/>
</kw>
<kw name="Should Be Equal As Integers" owner="BuiltIn">
<msg time="2026-06-20T12:58:54.477922" level="INFO">Argument types are:
&lt;class 'int'&gt;
&lt;class 'str'&gt;</msg>
<arg>${response.status_code}</arg>
<arg>400</arg>
<doc>Fails if objects are unequal after converting them to integers.</doc>
<status status="PASS" start="2026-06-20T12:58:54.476292" elapsed="0.001839"/>
</kw>
<tag>@api</tag>
<tag>@negative</tag>
<tag>@regression</tag>
<doc>Verify login API rejects invalid credentials</doc>
<status status="PASS" start="2026-06-20T12:58:52.006549" elapsed="2.473659"/>
</kw>
<doc>Login with Invalid Credentials</doc>
<tag>@api</tag>
<tag>@negative</tag>
<status status="PASS" start="2026-06-20T12:58:52.003732" elapsed="2.477050"/>
</test>
<status status="PASS" start="2026-06-20T12:58:51.474190" elapsed="3.008606"/>
</suite>
<suite id="s1-s1-s1-s4" name="TC-API-LGN-03" source="C:\Users\azads\OneDrive\Desktop\project\tests\API\Negative\TC-API-LGN-03.robot">
<test id="s1-s1-s1-s4-t1" name="TC-API-LGN-03" line="5">
<kw name="Login With Empty Username" owner="api_keywords">
<kw name="Create Dictionary" owner="BuiltIn">
<msg time="2026-06-20T12:58:56.570835" level="INFO">${headers} = {'Accept': 'application/json'}</msg>
<var>${headers}</var>
<arg>Accept=application/json</arg>
<doc>Creates and returns a dictionary based on the given ``items``.</doc>
<status status="PASS" start="2026-06-20T12:58:56.569814" elapsed="0.001112"/>
</kw>
<kw name="Create Session" owner="RequestsLibrary">
<msg time="2026-06-20T12:58:56.574235" level="INFO">Creating Session using : alias=bankApi, url=https://parabank.parasoft.com/parabank/services/bank, headers={'Accept': 'application/json'},                     cookies={}, auth=None, timeout=None, proxies=None, verify=True,                     debug=0 </msg>
<arg>bankApi</arg>
<arg>${API_BASE_URL}</arg>
<arg>verify=True</arg>
<arg>headers=${headers}</arg>
<doc>Create Session: create a HTTP session to a server</doc>
<status status="PASS" start="2026-06-20T12:58:56.573288" elapsed="0.001407"/>
</kw>
<kw name="GET On Session" owner="RequestsLibrary">
<msg time="2026-06-20T12:58:58.897335" level="INFO">GET Request : url=https://parabank.parasoft.com/parabank/services/bank/login/demo 
 path_url=/parabank/services/bank/login/demo 
 headers={'User-Agent': 'python-requests/2.34.2', 'Accept-Encoding': 'gzip, deflate, zstd', 'Accept': 'application/json', 'Connection': 'keep-alive'} 
 body=None 
 </msg>
<msg time="2026-06-20T12:58:58.897579" level="INFO">GET Response : url=https://parabank.parasoft.com/parabank/services/bank/login/demo 
 status=404, reason=Not Found 
 headers={'Date': 'Sat, 20 Jun 2026 07:28:58 GMT', 'Content-Length': '0', 'Connection': 'keep-alive', 'Server': 'cloudflare', 'allow': 'POST,GET,OPTIONS,HEAD', 'cf-cache-status': 'DYNAMIC', 'X-Content-Type-Options': 'nosniff', 'CF-RAY': 'a0e90f4ab98b4433-BOM'} 
 body=None 
 </msg>
<msg time="2026-06-20T12:58:58.897971" level="INFO">${response} = &lt;Response [404]&gt;</msg>
<var>${response}</var>
<arg>bankApi</arg>
<arg>/login//${password_api}</arg>
<arg>expected_status=any</arg>
<doc>Sends a GET request on a previously created HTTP Session.</doc>
<status status="PASS" start="2026-06-20T12:58:56.577281" elapsed="2.320785"/>
</kw>
<kw name="Log To Console" owner="BuiltIn">
<arg>Status Code: ${response.status_code}</arg>
<doc>Logs the given message to the console.</doc>
<status status="PASS" start="2026-06-20T12:58:58.901459" elapsed="0.002124"/>
</kw>
<kw name="Log To Console" owner="BuiltIn">
<arg>${response.text}</arg>
<doc>Logs the given message to the console.</doc>
<status status="PASS" start="2026-06-20T12:58:58.904293" elapsed="0.001885"/>
</kw>
<kw name="Should Be Equal As Integers" owner="BuiltIn">
<msg time="2026-06-20T12:58:58.908354" level="INFO">Argument types are:
&lt;class 'int'&gt;
&lt;class 'str'&gt;</msg>
<arg>${response.status_code}</arg>
<arg>404</arg>
<doc>Fails if objects are unequal after converting them to integers.</doc>
<status status="PASS" start="2026-06-20T12:58:58.906778" elapsed="0.001783"/>
</kw>
<tag>@api</tag>
<tag>@negative</tag>
<tag>@regression</tag>
<doc>Verify login API rejects empty username</doc>
<status status="PASS" start="2026-06-20T12:58:56.567946" elapsed="2.342883"/>
</kw>
<doc>Login With Empty username</doc>
<tag>@api</tag>
<tag>@negative</tag>
<status status="PASS" start="2026-06-20T12:58:56.565505" elapsed="2.346031"/>
</test>
<status status="PASS" start="2026-06-20T12:58:56.052939" elapsed="2.860714"/>
</suite>
<suite id="s1-s1-s1-s5" name="TC-API-LGN-04" source="C:\Users\azads\OneDrive\Desktop\project\tests\API\Negative\TC-API-LGN-04.robot">
<test id="s1-s1-s1-s5-t1" name="TC-API-LGN-04" line="5">
<kw name="Login With Empty Password" owner="api_keywords">
<kw name="Create Dictionary" owner="BuiltIn">
<msg time="2026-06-20T12:58:56.627745" level="INFO">${headers} = {'Accept': 'application/json'}</msg>
<var>${headers}</var>
<arg>Accept=application/json</arg>
<doc>Creates and returns a dictionary based on the given ``items``.</doc>
<status status="PASS" start="2026-06-20T12:58:56.626530" elapsed="0.001314"/>
</kw>
<kw name="Create Session" owner="RequestsLibrary">
<msg time="2026-06-20T12:58:56.631493" level="INFO">Creating Session using : alias=bankApi, url=https://parabank.parasoft.com/parabank/services/bank, headers={'Accept': 'application/json'},                     cookies={}, auth=None, timeout=None, proxies=None, verify=True,                     debug=0 </msg>
<arg>bankApi</arg>
<arg>${API_BASE_URL}</arg>
<arg>verify=True</arg>
<arg>headers=${headers}</arg>
<doc>Create Session: create a HTTP session to a server</doc>
<status status="PASS" start="2026-06-20T12:58:56.630742" elapsed="0.001181"/>
</kw>
<kw name="GET On Session" owner="RequestsLibrary">
<msg time="2026-06-20T12:58:59.023403" level="INFO">GET Request : url=https://parabank.parasoft.com/parabank/services/bank/login/john/ 
 path_url=/parabank/services/bank/login/john/ 
 headers={'User-Agent': 'python-requests/2.34.2', 'Accept-Encoding': 'gzip, deflate, zstd', 'Accept': 'application/json', 'Connection': 'keep-alive'} 
 body=None 
 </msg>
<msg time="2026-06-20T12:58:59.023585" level="INFO">GET Response : url=https://parabank.parasoft.com/parabank/services/bank/login/john/ 
 status=404, reason=Not Found 
 headers={'Date': 'Sat, 20 Jun 2026 07:28:58 GMT', 'Content-Length': '0', 'Connection': 'keep-alive', 'Server': 'cloudflare', 'allow': 'POST,GET,OPTIONS,HEAD', 'cf-cache-status': 'DYNAMIC', 'X-Content-Type-Options': 'nosniff', 'CF-RAY': 'a0e90f4b1e472c60-BOM'} 
 body=None 
 </msg>
<msg time="2026-06-20T12:58:59.023870" level="INFO">${response} = &lt;Response [404]&gt;</msg>
<var>${response}</var>
<arg>bankApi</arg>
<arg>/login/${username_api}/</arg>
<arg>expected_status=any</arg>
<doc>Sends a GET request on a previously created HTTP Session.</doc>
<status status="PASS" start="2026-06-20T12:58:56.634896" elapsed="2.389041"/>
</kw>
<kw name="Log To Console" owner="BuiltIn">
<arg>Status Code: ${response.status_code}</arg>
<doc>Logs the given message to the console.</doc>
<status status="PASS" start="2026-06-20T12:58:59.026902" elapsed="0.001749"/>
</kw>
<kw name="Log To Console" owner="BuiltIn">
<arg>${response.text}</arg>
<doc>Logs the given message to the console.</doc>
<status status="PASS" start="2026-06-20T12:58:59.029102" elapsed="0.001435"/>
</kw>
<kw name="Should Be Equal As Integers" owner="BuiltIn">
<msg time="2026-06-20T12:58:59.032183" level="INFO">Argument types are:
&lt;class 'int'&gt;
&lt;class 'str'&gt;</msg>
<arg>${response.status_code}</arg>
<arg>404</arg>
<doc>Fails if objects are unequal after converting them to integers.</doc>
<status status="PASS" start="2026-06-20T12:58:59.030985" elapsed="0.001345"/>
</kw>
<tag>@api</tag>
<tag>@negative</tag>
<tag>@regression</tag>
<doc>Verify login API rejects empty password</doc>
<status status="PASS" start="2026-06-20T12:58:56.624745" elapsed="2.409872"/>
</kw>
<doc>Login with empty password</doc>
<tag>@api</tag>
<tag>@negative</tag>
<status status="PASS" start="2026-06-20T12:58:56.623143" elapsed="2.412207"/>
</test>
<status status="PASS" start="2026-06-20T12:58:56.118603" elapsed="2.918765"/>
</suite>
<suite id="s1-s1-s1-s6" name="TC-PERF-04" source="C:\Users\azads\OneDrive\Desktop\project\tests\API\Negative\TC-PERF-04.robot">
<test id="s1-s1-s1-s6-t1" name="TC-PERF_04" line="5">
<kw name="Invalid Customer ID Response Time" owner="api_keywords">
<kw name="Create Dictionary" owner="BuiltIn">
<msg time="2026-06-20T12:58:56.623849" level="INFO">${headers} = {'Accept': 'application/json'}</msg>
<var>${headers}</var>
<arg>Accept=application/json</arg>
<doc>Creates and returns a dictionary based on the given ``items``.</doc>
<status status="PASS" start="2026-06-20T12:58:56.622849" elapsed="0.001095"/>
</kw>
<kw name="Create Session" owner="RequestsLibrary">
<msg time="2026-06-20T12:58:56.626826" level="INFO">Creating Session using : alias=bankApi, url=https://parabank.parasoft.com/parabank/services/bank, headers={'Accept': 'application/json'},                     cookies={}, auth=None, timeout=None, proxies=None, verify=True,                     debug=0 </msg>
<arg>bankApi</arg>
<arg>${API_BASE_URL}</arg>
<arg>verify=True</arg>
<arg>headers=${headers}</arg>
<doc>Create Session: create a HTTP session to a server</doc>
<status status="PASS" start="2026-06-20T12:58:56.625949" elapsed="0.001382"/>
</kw>
<kw name="Evaluate" owner="BuiltIn">
<msg time="2026-06-20T12:58:56.630926" level="INFO">${start} = 1781940536.630765</msg>
<var>${start}</var>
<arg>time.time()</arg>
<arg>modules=time</arg>
<doc>Evaluates the given expression in Python and returns the result.</doc>
<status status="PASS" start="2026-06-20T12:58:56.629657" elapsed="0.001350"/>
</kw>
<kw name="GET On Session" owner="RequestsLibrary">
<msg time="2026-06-20T12:58:58.489084" level="INFO">GET Request : url=https://parabank.parasoft.com/parabank/services/bank/customers/9999999/accounts 
 path_url=/parabank/services/bank/customers/9999999/accounts 
 headers={'User-Agent': 'python-requests/2.34.2', 'Accept-Encoding': 'gzip, deflate, zstd', 'Accept': 'application/json', 'Connection': 'keep-alive'} 
 body=None 
 </msg>
<msg time="2026-06-20T12:58:58.489411" level="INFO">GET Response : url=https://parabank.parasoft.com/parabank/services/bank/customers/9999999/accounts 
 status=400, reason=Bad Request 
 headers={'Date': 'Sat, 20 Jun 2026 07:28:58 GMT', 'Content-Type': 'text/plain;charset=UTF-8', 'Content-Length': '32', 'Connection': 'keep-alive', 'Server': 'cloudflare', 'cf-cache-status': 'DYNAMIC', 'X-Content-Type-Options': 'nosniff', 'CF-RAY': 'a0e90f4b4d183226-BOM'} 
 body=Could not find customer #9999999 
 </msg>
<msg time="2026-06-20T12:58:58.489722" level="INFO">${response} = &lt;Response [400]&gt;</msg>
<var>${response}</var>
<arg>bankApi</arg>
<arg>/customers/9999999/accounts</arg>
<arg>expected_status=any</arg>
<doc>Sends a GET request on a previously created HTTP Session.</doc>
<status status="PASS" start="2026-06-20T12:58:56.633238" elapsed="1.856556"/>
</kw>
<kw name="Evaluate" owner="BuiltIn">
<msg time="2026-06-20T12:58:58.493732" level="INFO">${end} = 1781940538.493524</msg>
<var>${end}</var>
<arg>time.time()</arg>
<arg>modules=time</arg>
<doc>Evaluates the given expression in Python and returns the result.</doc>
<status status="PASS" start="2026-06-20T12:58:58.492355" elapsed="0.001501"/>
</kw>
<kw name="Evaluate" owner="BuiltIn">
<msg time="2026-06-20T12:58:58.497888" level="INFO">${responseTimeMs} = 1862.7591133117676</msg>
<var>${responseTimeMs}</var>
<arg>(${end}-${start})*1000</arg>
<doc>Evaluates the given expression in Python and returns the result.</doc>
<status status="PASS" start="2026-06-20T12:58:58.496579" elapsed="0.001432"/>
</kw>
<kw name="Log To Console" owner="BuiltIn">
<arg>Response Time: ${responseTimeMs} ms</arg>
<doc>Logs the given message to the console.</doc>
<status status="PASS" start="2026-06-20T12:58:58.500347" elapsed="0.000951"/>
</kw>
<kw name="Should Be Equal As Integers" owner="BuiltIn">
<msg time="2026-06-20T12:58:58.503538" level="INFO">Argument types are:
&lt;class 'int'&gt;
&lt;class 'str'&gt;</msg>
<arg>${response.status_code}</arg>
<arg>400</arg>
<doc>Fails if objects are unequal after converting them to integers.</doc>
<status status="PASS" start="2026-06-20T12:58:58.501891" elapsed="0.001781"/>
</kw>
<kw name="Should Be True" owner="BuiltIn">
<arg>${responseTimeMs} &lt; 4000</arg>
<doc>Fails if the given condition is not true.</doc>
<status status="PASS" start="2026-06-20T12:58:58.505919" elapsed="0.001052"/>
</kw>
<tag>@api</tag>
<tag>@negative</tag>
<tag>@performance</tag>
<doc>Verify invalid customer request completes within 2 seconds</doc>
<status status="PASS" start="2026-06-20T12:58:56.621606" elapsed="1.885951"/>
</kw>
<doc>Verify invalid customer request completes within 2 seconds</doc>
<tag>@performance @api @negative</tag>
<status status="PASS" start="2026-06-20T12:58:56.619955" elapsed="1.888170"/>
</test>
<status status="PASS" start="2026-06-20T12:58:56.116475" elapsed="2.393500"/>
</suite>
<suite id="s1-s1-s1-s7" name="TC-PERF-05" source="C:\Users\azads\OneDrive\Desktop\project\tests\API\Negative\TC-PERF-05.robot">
<test id="s1-s1-s1-s7-t1" name="TC_PERF_05" line="5">
<kw name="Invalid Account ID Response Time" owner="api_keywords">
<kw name="Create Dictionary" owner="BuiltIn">
<msg time="2026-06-20T12:59:00.664198" level="INFO">${headers} = {'Accept': 'application/json'}</msg>
<var>${headers}</var>
<arg>Accept=application/json</arg>
<doc>Creates and returns a dictionary based on the given ``items``.</doc>
<status status="PASS" start="2026-06-20T12:59:00.663182" elapsed="0.001112"/>
</kw>
<kw name="Create Session" owner="RequestsLibrary">
<msg time="2026-06-20T12:59:00.667021" level="INFO">Creating Session using : alias=bankApi, url=https://parabank.parasoft.com/parabank/services/bank, headers={'Accept': 'application/json'},                     cookies={}, auth=None, timeout=None, proxies=None, verify=True,                     debug=0 </msg>
<arg>bankApi</arg>
<arg>${API_BASE_URL}</arg>
<arg>verify=True</arg>
<arg>headers=${headers}</arg>
<doc>Create Session: create a HTTP session to a server</doc>
<status status="PASS" start="2026-06-20T12:59:00.666317" elapsed="0.001159"/>
</kw>
<kw name="Evaluate" owner="BuiltIn">
<msg time="2026-06-20T12:59:00.671777" level="INFO">${start} = 1781940540.6715689</msg>
<var>${start}</var>
<arg>time.time()</arg>
<arg>modules=time</arg>
<doc>Evaluates the given expression in Python and returns the result.</doc>
<status status="PASS" start="2026-06-20T12:59:00.670408" elapsed="0.001514"/>
</kw>
<kw name="GET On Session" owner="RequestsLibrary">
<msg time="2026-06-20T12:59:02.461628" level="INFO">GET Request : url=https://parabank.parasoft.com/parabank/services/bank/accounts/0000000 
 path_url=/parabank/services/bank/accounts/0000000 
 headers={'User-Agent': 'python-requests/2.34.2', 'Accept-Encoding': 'gzip, deflate, zstd', 'Accept': 'application/json', 'Connection': 'keep-alive'} 
 body=None 
 </msg>
<msg time="2026-06-20T12:59:02.461922" level="INFO">GET Response : url=https://parabank.parasoft.com/parabank/services/bank/accounts/0000000 
 status=400, reason=Bad Request 
 headers={'Date': 'Sat, 20 Jun 2026 07:29:02 GMT', 'Content-Type': 'text/plain;charset=UTF-8', 'Content-Length': '25', 'Connection': 'keep-alive', 'Server': 'cloudflare', 'cf-cache-status': 'DYNAMIC', 'X-Content-Type-Options': 'nosniff', 'CF-RAY': 'a0e90f63fc3b85fd-BOM'} 
 body=Could not find account #0 
 </msg>
<msg time="2026-06-20T12:59:02.462186" level="INFO">${response} = &lt;Response [400]&gt;</msg>
<var>${response}</var>
<arg>bankApi</arg>
<arg>/accounts/0000000</arg>
<arg>expected_status=any</arg>
<doc>Sends a GET request on a previously created HTTP Session.</doc>
<status status="PASS" start="2026-06-20T12:59:00.674295" elapsed="1.787974"/>
</kw>
<kw name="Evaluate" owner="BuiltIn">
<msg time="2026-06-20T12:59:02.466344" level="INFO">${end} = 1781940542.466132</msg>
<var>${end}</var>
<arg>time.time()</arg>
<arg>modules=time</arg>
<doc>Evaluates the given expression in Python and returns the result.</doc>
<status status="PASS" start="2026-06-20T12:59:02.464971" elapsed="0.001492"/>
</kw>
<kw name="Evaluate" owner="BuiltIn">
<msg time="2026-06-20T12:59:02.470485" level="INFO">${responseTimeMs} = 1794.5630550384521</msg>
<var>${responseTimeMs}</var>
<arg>(${end}-${start})*1000</arg>
<doc>Evaluates the given expression in Python and returns the result.</doc>
<status status="PASS" start="2026-06-20T12:59:02.469184" elapsed="0.001428"/>
</kw>
<kw name="Log To Console" owner="BuiltIn">
<arg>Response Time: ${responseTimeMs} ms</arg>
<doc>Logs the given message to the console.</doc>
<status status="PASS" start="2026-06-20T12:59:02.473001" elapsed="0.001019"/>
</kw>
<kw name="Should Be Equal As Integers" owner="BuiltIn">
<msg time="2026-06-20T12:59:02.476288" level="INFO">Argument types are:
&lt;class 'int'&gt;
&lt;class 'str'&gt;</msg>
<arg>${response.status_code}</arg>
<arg>400</arg>
<doc>Fails if objects are unequal after converting them to integers.</doc>
<status status="PASS" start="2026-06-20T12:59:02.474625" elapsed="0.001852"/>
</kw>
<kw name="Should Be True" owner="BuiltIn">
<arg>${responseTimeMs} &lt; 4000</arg>
<doc>Fails if the given condition is not true.</doc>
<status status="PASS" start="2026-06-20T12:59:02.478889" elapsed="0.001002"/>
</kw>
<tag>@api</tag>
<tag>@negative</tag>
<tag>@performance</tag>
<doc>Verify invalid account request completes within 2 seconds</doc>
<status status="PASS" start="2026-06-20T12:59:00.661871" elapsed="1.818490"/>
</kw>
<doc>Verify invalid account request completes within 2 seconds</doc>
<tag>@Negative</tag>
<tag>@Performance</tag>
<status status="PASS" start="2026-06-20T12:59:00.660173" elapsed="1.820724"/>
</test>
<status status="PASS" start="2026-06-20T12:59:00.094871" elapsed="2.387908"/>
</suite>
<status status="PASS" start="2026-06-20T12:58:51.471000" elapsed="11.016000"/>
</suite>
<suite id="s1-s1-s2" name="Positive" source="C:\Users\azads\OneDrive\Desktop\project\tests\API\Positive">
<suite id="s1-s1-s2-s1" name="TC-API-ACC-01" source="C:\Users\azads\OneDrive\Desktop\project\tests\API\Positive\TC-API-ACC-01.robot">
<test id="s1-s1-s2-s1-t1" name="TC-API-ACC-01" line="5">
<kw name="Login User" owner="api_keywords">
<kw name="Create Dictionary" owner="BuiltIn">
<msg time="2026-06-20T12:59:01.103615" level="INFO">${headers} = {'Accept': 'application/json'}</msg>
<var>${headers}</var>
<arg>Accept=application/json</arg>
<doc>Creates and returns a dictionary based on the given ``items``.</doc>
<status status="PASS" start="2026-06-20T12:59:01.102634" elapsed="0.001069"/>
</kw>
<kw name="Create Session" owner="RequestsLibrary">
<msg time="2026-06-20T12:59:01.107305" level="INFO">Creating Session using : alias=bankApi, url=https://parabank.parasoft.com/parabank/services/bank, headers={'Accept': 'application/json'},                     cookies={}, auth=None, timeout=None, proxies=None, verify=True,                     debug=0 </msg>
<arg>bankApi</arg>
<arg>${API_BASE_URL}</arg>
<arg>verify=True</arg>
<arg>headers=${headers}</arg>
<doc>Create Session: create a HTTP session to a server</doc>
<status status="PASS" start="2026-06-20T12:59:01.106539" elapsed="0.001156"/>
</kw>
<kw name="GET On Session" owner="RequestsLibrary">
<msg time="2026-06-20T12:59:02.926344" level="INFO">GET Request : url=https://parabank.parasoft.com/parabank/services/bank/login/john/demo 
 path_url=/parabank/services/bank/login/john/demo 
 headers={'User-Agent': 'python-requests/2.34.2', 'Accept-Encoding': 'gzip, deflate, zstd', 'Accept': 'application/json', 'Connection': 'keep-alive'} 
 body=None 
 </msg>
<msg time="2026-06-20T12:59:02.926667" level="INFO">GET Response : url=https://parabank.parasoft.com/parabank/services/bank/login/john/demo 
 status=200, reason=OK 
 headers={'Date': 'Sat, 20 Jun 2026 07:29:02 GMT', 'Content-Type': 'application/json', 'Transfer-Encoding': 'chunked', 'Connection': 'keep-alive', 'Server': 'cloudflare', 'cf-cache-status': 'DYNAMIC', 'X-Content-Type-Options': 'nosniff', 'Content-Encoding': 'gzip', 'CF-RAY': 'a0e90f66da5e7e88-BOM'} 
 body={"id":12212,"firstName":"John","lastName":"Smith","address":{"street":"1431 Main St","city":"Beverly Hills","state":"CA","zipCode":"90210"},"phoneNumber":"310-447-4121","ssn":"622-11-9999"} 
 </msg>
<msg time="2026-06-20T12:59:02.926926" level="INFO">${response} = &lt;Response [200]&gt;</msg>
<var>${response}</var>
<arg>bankApi</arg>
<arg>/login/${username_api}/${password_api}</arg>
<doc>Sends a GET request on a previously created HTTP Session.</doc>
<status status="PASS" start="2026-06-20T12:59:01.110406" elapsed="1.816578"/>
</kw>
<kw name="Should Be Equal As Integers" owner="BuiltIn">
<msg time="2026-06-20T12:59:02.930799" level="INFO">Argument types are:
&lt;class 'int'&gt;
&lt;class 'str'&gt;</msg>
<arg>${response.status_code}</arg>
<arg>200</arg>
<doc>Fails if objects are unequal after converting them to integers.</doc>
<status status="PASS" start="2026-06-20T12:59:02.928882" elapsed="0.002155"/>
</kw>
<kw name="Set Variable" owner="BuiltIn">
<msg time="2026-06-20T12:59:02.935327" level="INFO">${body} = {'id': 12212, 'firstName': 'John', 'lastName': 'Smith', 'address': {'street': '1431 Main St', 'city': 'Beverly Hills', 'state': 'CA', 'zipCode': '90210'}, 'phoneNumber': '310-447-4121', 'ssn': '622-11...</msg>
<var>${body}</var>
<arg>${response.json()}</arg>
<doc>Returns the given values which can then be assigned to a variables.</doc>
<status status="PASS" start="2026-06-20T12:59:02.933602" elapsed="0.001802"/>
</kw>
<kw name="Set Variable" owner="BuiltIn">
<msg time="2026-06-20T12:59:02.938638" level="INFO">${customerId} = 12212</msg>
<var>${customerId}</var>
<arg>${body}[id]</arg>
<doc>Returns the given values which can then be assigned to a variables.</doc>
<status status="PASS" start="2026-06-20T12:59:02.937643" elapsed="0.001081"/>
</kw>
<kw name="Set Suite Variable" owner="BuiltIn">
<msg time="2026-06-20T12:59:02.941592" level="INFO">${customerId} = 12212</msg>
<arg>${customerId}</arg>
<doc>Makes a variable available everywhere within the scope of the current suite.</doc>
<status status="PASS" start="2026-06-20T12:59:02.940737" elapsed="0.001003"/>
</kw>
<kw name="Log To Console" owner="BuiltIn">
<arg>Customer ID: ${customerId}</arg>
<doc>Logs the given message to the console.</doc>
<status status="PASS" start="2026-06-20T12:59:02.943889" elapsed="0.000853"/>
</kw>
<tag>@regression @api}</tag>
<doc>Verify login via REST API</doc>
<status status="PASS" start="2026-06-20T12:59:01.100866" elapsed="1.844250"/>
</kw>
<kw name="Valid Accounts Retrieval" owner="api_keywords">
<kw name="Create Dictionary" owner="BuiltIn">
<msg time="2026-06-20T12:59:02.948168" level="INFO">${headers} = {'Accept': 'application/json'}</msg>
<var>${headers}</var>
<arg>Accept=application/json</arg>
<doc>Creates and returns a dictionary based on the given ``items``.</doc>
<status status="PASS" start="2026-06-20T12:59:02.947198" elapsed="0.001069"/>
</kw>
<kw name="Create Session" owner="RequestsLibrary">
<msg time="2026-06-20T12:59:02.951450" level="INFO">Creating Session using : alias=bankApi, url=https://parabank.parasoft.com/parabank/services/bank, headers={'Accept': 'application/json'},                     cookies={}, auth=None, timeout=None, proxies=None, verify=True,                     debug=0 </msg>
<arg>bankApi</arg>
<arg>${API_BASE_URL}</arg>
<arg>verify=True</arg>
<arg>headers=${headers}</arg>
<doc>Create Session: create a HTTP session to a server</doc>
<status status="PASS" start="2026-06-20T12:59:02.950660" elapsed="0.001213"/>
</kw>
<kw name="GET On Session" owner="RequestsLibrary">
<msg time="2026-06-20T12:59:04.615479" level="INFO">GET Request : url=https://parabank.parasoft.com/parabank/services/bank/customers/12212/accounts 
 path_url=/parabank/services/bank/customers/12212/accounts 
 headers={'User-Agent': 'python-requests/2.34.2', 'Accept-Encoding': 'gzip, deflate, zstd', 'Accept': 'application/json', 'Connection': 'keep-alive'} 
 body=None 
 </msg>
<msg time="2026-06-20T12:59:04.615757" level="INFO">GET Response : url=https://parabank.parasoft.com/parabank/services/bank/customers/12212/accounts 
 status=200, reason=OK 
 headers={'Date': 'Sat, 20 Jun 2026 07:29:04 GMT', 'Content-Type': 'application/json', 'Transfer-Encoding': 'chunked', 'Connection': 'keep-alive', 'Server': 'cloudflare', 'cf-cache-status': 'DYNAMIC', 'X-Content-Type-Options': 'nosniff', 'Content-Encoding': 'gzip', 'CF-RAY': 'a0e90f717acb3f78-BOM'} 
 body=[{"id":13344,"customerId":12212,"type":"CHECKING","balance":4222.93},{"id":13899,"customerId":12212,"type":"SAVINGS","balance":100.00},{"id":14121,"customerId":12212,"type":"SAVINGS","balance":200.00},{"id":14676,"customerId":12212,"type":"SAVINGS","balance":100.00},{"id":15342,"customerId":12212,"type":"SAVINGS","balance":100.00},{"id":15675,"customerId":12212,"type":"CHECKING","balance":100.00},{"id":19005,"customerId":12212,"type":"CHECKING","balance":100.00},{"id":19116,"customerId":12212,"type":"CHECKING","balance":100.00}] 
 </msg>
<msg time="2026-06-20T12:59:04.616086" level="INFO">${response} = &lt;Response [200]&gt;</msg>
<var>${response}</var>
<arg>bankApi</arg>
<arg>/customers/${customerId}/accounts</arg>
<doc>Sends a GET request on a previously created HTTP Session.</doc>
<status status="PASS" start="2026-06-20T12:59:02.954647" elapsed="1.661524"/>
</kw>
<kw name="Should Be Equal As Integers" owner="BuiltIn">
<msg time="2026-06-20T12:59:04.620366" level="INFO">Argument types are:
&lt;class 'int'&gt;
&lt;class 'str'&gt;</msg>
<arg>${response.status_code}</arg>
<arg>200</arg>
<doc>Fails if objects are unequal after converting them to integers.</doc>
<status status="PASS" start="2026-06-20T12:59:04.618612" elapsed="0.001953"/>
</kw>
<kw name="Set Variable" owner="BuiltIn">
<msg time="2026-06-20T12:59:04.625046" level="INFO">${body} = [{'id': 13344, 'customerId': 12212, 'type': 'CHECKING', 'balance': 4222.93}, {'id': 13899, 'customerId': 12212, 'type': 'SAVINGS', 'balance': 100.0}, {'id': 14121, 'customerId': 12212, 'type': 'SAVING...</msg>
<var>${body}</var>
<arg>${response.json()}</arg>
<doc>Returns the given values which can then be assigned to a variables.</doc>
<status status="PASS" start="2026-06-20T12:59:04.623287" elapsed="0.001833"/>
</kw>
<kw name="Set Variable" owner="BuiltIn">
<msg time="2026-06-20T12:59:04.628537" level="INFO">${accountId} = 13344</msg>
<var>${accountId}</var>
<arg>${body}[0][id]</arg>
<doc>Returns the given values which can then be assigned to a variables.</doc>
<status status="PASS" start="2026-06-20T12:59:04.627155" elapsed="0.001493"/>
</kw>
<kw name="Set Suite Variable" owner="BuiltIn">
<msg time="2026-06-20T12:59:04.632263" level="INFO">${accountId} = 13344</msg>
<arg>${accountId}</arg>
<doc>Makes a variable available everywhere within the scope of the current suite.</doc>
<status status="PASS" start="2026-06-20T12:59:04.631190" elapsed="0.001258"/>
</kw>
<kw name="Log To Console" owner="BuiltIn">
<arg>Account ID: ${accountId}</arg>
<doc>Logs the given message to the console.</doc>
<status status="PASS" start="2026-06-20T12:59:04.634750" elapsed="0.001167"/>
</kw>
<tag>@api</tag>
<tag>@regression</tag>
<doc>Retrieve accounts using customer ID</doc>
<status status="PASS" start="2026-06-20T12:59:02.946360" elapsed="1.690062"/>
</kw>
<doc>This test case is to verify the valid account retrieval</doc>
<status status="PASS" start="2026-06-20T12:59:01.098512" elapsed="3.538502"/>
</test>
<status status="PASS" start="2026-06-20T12:59:00.553290" elapsed="4.085705"/>
</suite>
<suite id="s1-s1-s2-s2" name="TC-API-ACC-06" source="C:\Users\azads\OneDrive\Desktop\project\tests\API\Positive\TC-API-ACC-06.robot">
<test id="s1-s1-s2-s2-t1" name="TC-API-ACC-06" line="5">
<kw name="Login User" owner="api_keywords">
<kw name="Create Dictionary" owner="BuiltIn">
<msg time="2026-06-20T12:59:01.175376" level="INFO">${headers} = {'Accept': 'application/json'}</msg>
<var>${headers}</var>
<arg>Accept=application/json</arg>
<doc>Creates and returns a dictionary based on the given ``items``.</doc>
<status status="PASS" start="2026-06-20T12:59:01.174564" elapsed="0.000889"/>
</kw>
<kw name="Create Session" owner="RequestsLibrary">
<msg time="2026-06-20T12:59:01.178441" level="INFO">Creating Session using : alias=bankApi, url=https://parabank.parasoft.com/parabank/services/bank, headers={'Accept': 'application/json'},                     cookies={}, auth=None, timeout=None, proxies=None, verify=True,                     debug=0 </msg>
<arg>bankApi</arg>
<arg>${API_BASE_URL}</arg>
<arg>verify=True</arg>
<arg>headers=${headers}</arg>
<doc>Create Session: create a HTTP session to a server</doc>
<status status="PASS" start="2026-06-20T12:59:01.177594" elapsed="0.001349"/>
</kw>
<kw name="GET On Session" owner="RequestsLibrary">
<msg time="2026-06-20T12:59:02.980500" level="INFO">GET Request : url=https://parabank.parasoft.com/parabank/services/bank/login/john/demo 
 path_url=/parabank/services/bank/login/john/demo 
 headers={'User-Agent': 'python-requests/2.34.2', 'Accept-Encoding': 'gzip, deflate, zstd', 'Accept': 'application/json', 'Connection': 'keep-alive'} 
 body=None 
 </msg>
<msg time="2026-06-20T12:59:02.980731" level="INFO">GET Response : url=https://parabank.parasoft.com/parabank/services/bank/login/john/demo 
 status=200, reason=OK 
 headers={'Date': 'Sat, 20 Jun 2026 07:29:02 GMT', 'Content-Type': 'application/json', 'Transfer-Encoding': 'chunked', 'Connection': 'keep-alive', 'Server': 'cloudflare', 'cf-cache-status': 'DYNAMIC', 'X-Content-Type-Options': 'nosniff', 'Content-Encoding': 'gzip', 'CF-RAY': 'a0e90f673a4a3fef-BOM'} 
 body={"id":12212,"firstName":"John","lastName":"Smith","address":{"street":"1431 Main St","city":"Beverly Hills","state":"CA","zipCode":"90210"},"phoneNumber":"310-447-4121","ssn":"622-11-9999"} 
 </msg>
<msg time="2026-06-20T12:59:02.980989" level="INFO">${response} = &lt;Response [200]&gt;</msg>
<var>${response}</var>
<arg>bankApi</arg>
<arg>/login/${username_api}/${password_api}</arg>
<doc>Sends a GET request on a previously created HTTP Session.</doc>
<status status="PASS" start="2026-06-20T12:59:01.181222" elapsed="1.799828"/>
</kw>
<kw name="Should Be Equal As Integers" owner="BuiltIn">
<msg time="2026-06-20T12:59:02.985082" level="INFO">Argument types are:
&lt;class 'int'&gt;
&lt;class 'str'&gt;</msg>
<arg>${response.status_code}</arg>
<arg>200</arg>
<doc>Fails if objects are unequal after converting them to integers.</doc>
<status status="PASS" start="2026-06-20T12:59:02.983405" elapsed="0.001816"/>
</kw>
<kw name="Set Variable" owner="BuiltIn">
<msg time="2026-06-20T12:59:02.989263" level="INFO">${body} = {'id': 12212, 'firstName': 'John', 'lastName': 'Smith', 'address': {'street': '1431 Main St', 'city': 'Beverly Hills', 'state': 'CA', 'zipCode': '90210'}, 'phoneNumber': '310-447-4121', 'ssn': '622-11...</msg>
<var>${body}</var>
<arg>${response.json()}</arg>
<doc>Returns the given values which can then be assigned to a variables.</doc>
<status status="PASS" start="2026-06-20T12:59:02.987450" elapsed="0.001891"/>
</kw>
<kw name="Set Variable" owner="BuiltIn">
<msg time="2026-06-20T12:59:02.992828" level="INFO">${customerId} = 12212</msg>
<var>${customerId}</var>
<arg>${body}[id]</arg>
<doc>Returns the given values which can then be assigned to a variables.</doc>
<status status="PASS" start="2026-06-20T12:59:02.991529" elapsed="0.001416"/>
</kw>
<kw name="Set Suite Variable" owner="BuiltIn">
<msg time="2026-06-20T12:59:02.996846" level="INFO">${customerId} = 12212</msg>
<arg>${customerId}</arg>
<doc>Makes a variable available everywhere within the scope of the current suite.</doc>
<status status="PASS" start="2026-06-20T12:59:02.995542" elapsed="0.001494"/>
</kw>
<kw name="Log To Console" owner="BuiltIn">
<arg>Customer ID: ${customerId}</arg>
<doc>Logs the given message to the console.</doc>
<status status="PASS" start="2026-06-20T12:59:02.999276" elapsed="0.001069"/>
</kw>
<tag>@regression @api}</tag>
<doc>Verify login via REST API</doc>
<status status="PASS" start="2026-06-20T12:59:01.173472" elapsed="1.827269"/>
</kw>
<kw name="Valid Accounts Retrieval" owner="api_keywords">
<kw name="Create Dictionary" owner="BuiltIn">
<msg time="2026-06-20T12:59:03.003042" level="INFO">${headers} = {'Accept': 'application/json'}</msg>
<var>${headers}</var>
<arg>Accept=application/json</arg>
<doc>Creates and returns a dictionary based on the given ``items``.</doc>
<status status="PASS" start="2026-06-20T12:59:03.002328" elapsed="0.000815"/>
</kw>
<kw name="Create Session" owner="RequestsLibrary">
<msg time="2026-06-20T12:59:03.006657" level="INFO">Creating Session using : alias=bankApi, url=https://parabank.parasoft.com/parabank/services/bank, headers={'Accept': 'application/json'},                     cookies={}, auth=None, timeout=None, proxies=None, verify=True,                     debug=0 </msg>
<arg>bankApi</arg>
<arg>${API_BASE_URL}</arg>
<arg>verify=True</arg>
<arg>headers=${headers}</arg>
<doc>Create Session: create a HTTP session to a server</doc>
<status status="PASS" start="2026-06-20T12:59:03.005830" elapsed="0.001601"/>
</kw>
<kw name="GET On Session" owner="RequestsLibrary">
<msg time="2026-06-20T12:59:04.787633" level="INFO">GET Request : url=https://parabank.parasoft.com/parabank/services/bank/customers/12212/accounts 
 path_url=/parabank/services/bank/customers/12212/accounts 
 headers={'User-Agent': 'python-requests/2.34.2', 'Accept-Encoding': 'gzip, deflate, zstd', 'Accept': 'application/json', 'Connection': 'keep-alive'} 
 body=None 
 </msg>
<msg time="2026-06-20T12:59:04.787801" level="INFO">GET Response : url=https://parabank.parasoft.com/parabank/services/bank/customers/12212/accounts 
 status=200, reason=OK 
 headers={'Date': 'Sat, 20 Jun 2026 07:29:04 GMT', 'Content-Type': 'application/json', 'Transfer-Encoding': 'chunked', 'Connection': 'keep-alive', 'Server': 'cloudflare', 'cf-cache-status': 'DYNAMIC', 'X-Content-Type-Options': 'nosniff', 'Content-Encoding': 'gzip', 'CF-RAY': 'a0e90f722f7b4734-BOM'} 
 body=[{"id":13344,"customerId":12212,"type":"CHECKING","balance":4222.93},{"id":13899,"customerId":12212,"type":"SAVINGS","balance":100.00},{"id":14121,"customerId":12212,"type":"SAVINGS","balance":200.00},{"id":14676,"customerId":12212,"type":"SAVINGS","balance":100.00},{"id":15342,"customerId":12212,"type":"SAVINGS","balance":100.00},{"id":15675,"customerId":12212,"type":"CHECKING","balance":100.00},{"id":19005,"customerId":12212,"type":"CHECKING","balance":100.00},{"id":19116,"customerId":12212,"type":"CHECKING","balance":100.00}] 
 </msg>
<msg time="2026-06-20T12:59:04.788063" level="INFO">${response} = &lt;Response [200]&gt;</msg>
<var>${response}</var>
<arg>bankApi</arg>
<arg>/customers/${customerId}/accounts</arg>
<doc>Sends a GET request on a previously created HTTP Session.</doc>
<status status="PASS" start="2026-06-20T12:59:03.010160" elapsed="1.777960"/>
</kw>
<kw name="Should Be Equal As Integers" owner="BuiltIn">
<msg time="2026-06-20T12:59:04.791825" level="INFO">Argument types are:
&lt;class 'int'&gt;
&lt;class 'str'&gt;</msg>
<arg>${response.status_code}</arg>
<arg>200</arg>
<doc>Fails if objects are unequal after converting them to integers.</doc>
<status status="PASS" start="2026-06-20T12:59:04.790500" elapsed="0.001495"/>
</kw>
<kw name="Set Variable" owner="BuiltIn">
<msg time="2026-06-20T12:59:04.796480" level="INFO">${body} = [{'id': 13344, 'customerId': 12212, 'type': 'CHECKING', 'balance': 4222.93}, {'id': 13899, 'customerId': 12212, 'type': 'SAVINGS', 'balance': 100.0}, {'id': 14121, 'customerId': 12212, 'type': 'SAVING...</msg>
<var>${body}</var>
<arg>${response.json()}</arg>
<doc>Returns the given values which can then be assigned to a variables.</doc>
<status status="PASS" start="2026-06-20T12:59:04.794392" elapsed="0.002229"/>
</kw>
<kw name="Set Variable" owner="BuiltIn">
<msg time="2026-06-20T12:59:04.799868" level="INFO">${accountId} = 13344</msg>
<var>${accountId}</var>
<arg>${body}[0][id]</arg>
<doc>Returns the given values which can then be assigned to a variables.</doc>
<status status="PASS" start="2026-06-20T12:59:04.799101" elapsed="0.000840"/>
</kw>
<kw name="Set Suite Variable" owner="BuiltIn">
<msg time="2026-06-20T12:59:04.803267" level="INFO">${accountId} = 13344</msg>
<arg>${accountId}</arg>
<doc>Makes a variable available everywhere within the scope of the current suite.</doc>
<status status="PASS" start="2026-06-20T12:59:04.802203" elapsed="0.001211"/>
</kw>
<kw name="Log To Console" owner="BuiltIn">
<arg>Account ID: ${accountId}</arg>
<doc>Logs the given message to the console.</doc>
<status status="PASS" start="2026-06-20T12:59:04.805969" elapsed="0.001025"/>
</kw>
<tag>@api</tag>
<tag>@regression</tag>
<doc>Retrieve accounts using customer ID</doc>
<status status="PASS" start="2026-06-20T12:59:03.001554" elapsed="1.805945"/>
</kw>
<kw name="Get Specific Account Details" owner="api_keywords">
<kw name="Create Dictionary" owner="BuiltIn">
<msg time="2026-06-20T12:59:04.809843" level="INFO">${headers} = {'Accept': 'application/json'}</msg>
<var>${headers}</var>
<arg>Accept=application/json</arg>
<doc>Creates and returns a dictionary based on the given ``items``.</doc>
<status status="PASS" start="2026-06-20T12:59:04.808961" elapsed="0.000987"/>
</kw>
<kw name="Create Session" owner="RequestsLibrary">
<msg time="2026-06-20T12:59:04.813327" level="INFO">Creating Session using : alias=bankApi, url=https://parabank.parasoft.com/parabank/services/bank, headers={'Accept': 'application/json'},                     cookies={}, auth=None, timeout=None, proxies=None, verify=True,                     debug=0 </msg>
<arg>bankApi</arg>
<arg>${API_BASE_URL}</arg>
<arg>verify=True</arg>
<arg>headers=${headers}</arg>
<doc>Create Session: create a HTTP session to a server</doc>
<status status="PASS" start="2026-06-20T12:59:04.812656" elapsed="0.001033"/>
</kw>
<kw name="GET On Session" owner="RequestsLibrary">
<msg time="2026-06-20T12:59:06.447104" level="INFO">GET Request : url=https://parabank.parasoft.com/parabank/services/bank/accounts/13344 
 path_url=/parabank/services/bank/accounts/13344 
 headers={'User-Agent': 'python-requests/2.34.2', 'Accept-Encoding': 'gzip, deflate, zstd', 'Accept': 'application/json', 'Connection': 'keep-alive'} 
 body=None 
 </msg>
<msg time="2026-06-20T12:59:06.447317" level="INFO">GET Response : url=https://parabank.parasoft.com/parabank/services/bank/accounts/13344 
 status=200, reason=OK 
 headers={'Date': 'Sat, 20 Jun 2026 07:29:06 GMT', 'Content-Type': 'application/json', 'Transfer-Encoding': 'chunked', 'Connection': 'keep-alive', 'Server': 'cloudflare', 'cf-cache-status': 'DYNAMIC', 'X-Content-Type-Options': 'nosniff', 'Content-Encoding': 'gzip', 'CF-RAY': 'a0e90f7cfaf7418c-BOM'} 
 body={"id":13344,"customerId":12212,"type":"CHECKING","balance":4122.93} 
 </msg>
<msg time="2026-06-20T12:59:06.447625" level="INFO">${response} = &lt;Response [200]&gt;</msg>
<var>${response}</var>
<arg>bankApi</arg>
<arg>/accounts/${accountId}</arg>
<doc>Sends a GET request on a previously created HTTP Session.</doc>
<status status="PASS" start="2026-06-20T12:59:04.815831" elapsed="1.631872"/>
</kw>
<kw name="Should Be Equal As Integers" owner="BuiltIn">
<msg time="2026-06-20T12:59:06.452587" level="INFO">Argument types are:
&lt;class 'int'&gt;
&lt;class 'str'&gt;</msg>
<arg>${response.status_code}</arg>
<arg>200</arg>
<doc>Fails if objects are unequal after converting them to integers.</doc>
<status status="PASS" start="2026-06-20T12:59:06.450549" elapsed="0.002218"/>
</kw>
<kw name="Set Variable" owner="BuiltIn">
<msg time="2026-06-20T12:59:06.457557" level="INFO">${body} = {'id': 13344, 'customerId': 12212, 'type': 'CHECKING', 'balance': 4122.93}</msg>
<var>${body}</var>
<arg>${response.json()}</arg>
<doc>Returns the given values which can then be assigned to a variables.</doc>
<status status="PASS" start="2026-06-20T12:59:06.455441" elapsed="0.002223"/>
</kw>
<kw name="Should Be Equal As Integers" owner="BuiltIn">
<arg>${body}[id]</arg>
<arg>${accountId}</arg>
<doc>Fails if objects are unequal after converting them to integers.</doc>
<status status="PASS" start="2026-06-20T12:59:06.460102" elapsed="0.001066"/>
</kw>
<kw name="Should Be Equal As Integers" owner="BuiltIn">
<arg>${body}[customerId]</arg>
<arg>${customerId}</arg>
<doc>Fails if objects are unequal after converting them to integers.</doc>
<status status="PASS" start="2026-06-20T12:59:06.461805" elapsed="0.000881"/>
</kw>
<kw name="Should Not Be Empty" owner="BuiltIn">
<msg time="2026-06-20T12:59:06.464269" level="INFO">Length is 8.</msg>
<arg>${body}[type]</arg>
<doc>Verifies that the given item is not empty.</doc>
<status status="PASS" start="2026-06-20T12:59:06.463204" elapsed="0.001258"/>
</kw>
<kw name="Should Not Be Equal" owner="BuiltIn">
<msg time="2026-06-20T12:59:06.468009" level="INFO">Argument types are:
&lt;class 'float'&gt;
&lt;class 'NoneType'&gt;</msg>
<arg>${body}[balance]</arg>
<arg>${None}</arg>
<doc>Fails if the given objects are equal.</doc>
<status status="PASS" start="2026-06-20T12:59:06.467014" elapsed="0.001207"/>
</kw>
<kw name="Log To Console" owner="BuiltIn">
<arg>${body}</arg>
<doc>Logs the given message to the console.</doc>
<status status="PASS" start="2026-06-20T12:59:06.470751" elapsed="0.000886"/>
</kw>
<tag>@api</tag>
<tag>@regression</tag>
<doc>Retrieve specific account details using account ID</doc>
<status status="PASS" start="2026-06-20T12:59:04.808258" elapsed="1.663911"/>
</kw>
<doc>GEt specific account details using account ID</doc>
<status status="PASS" start="2026-06-20T12:59:01.172038" elapsed="5.300720"/>
</test>
<status status="PASS" start="2026-06-20T12:59:00.633080" elapsed="5.841888"/>
</suite>
<suite id="s1-s1-s2-s3" name="TC-API-CUST-01" source="C:\Users\azads\OneDrive\Desktop\project\tests\API\Positive\TC-API-CUST-01.robot">
<test id="s1-s1-s2-s3-t1" name="TC-API-CUST-01" line="5">
<kw name="Login User" owner="api_keywords">
<kw name="Create Dictionary" owner="BuiltIn">
<msg time="2026-06-20T12:59:04.643739" level="INFO">${headers} = {'Accept': 'application/json'}</msg>
<var>${headers}</var>
<arg>Accept=application/json</arg>
<doc>Creates and returns a dictionary based on the given ``items``.</doc>
<status status="PASS" start="2026-06-20T12:59:04.641996" elapsed="0.001943"/>
</kw>
<kw name="Create Session" owner="RequestsLibrary">
<msg time="2026-06-20T12:59:04.648425" level="INFO">Creating Session using : alias=bankApi, url=https://parabank.parasoft.com/parabank/services/bank, headers={'Accept': 'application/json'},                     cookies={}, auth=None, timeout=None, proxies=None, verify=True,                     debug=0 </msg>
<arg>bankApi</arg>
<arg>${API_BASE_URL}</arg>
<arg>verify=True</arg>
<arg>headers=${headers}</arg>
<doc>Create Session: create a HTTP session to a server</doc>
<status status="PASS" start="2026-06-20T12:59:04.647439" elapsed="0.001503"/>
</kw>
<kw name="GET On Session" owner="RequestsLibrary">
<msg time="2026-06-20T12:59:06.270268" level="INFO">GET Request : url=https://parabank.parasoft.com/parabank/services/bank/login/john/demo 
 path_url=/parabank/services/bank/login/john/demo 
 headers={'User-Agent': 'python-requests/2.34.2', 'Accept-Encoding': 'gzip, deflate, zstd', 'Accept': 'application/json', 'Connection': 'keep-alive'} 
 body=None 
 </msg>
<msg time="2026-06-20T12:59:06.270605" level="INFO">GET Response : url=https://parabank.parasoft.com/parabank/services/bank/login/john/demo 
 status=200, reason=OK 
 headers={'Date': 'Sat, 20 Jun 2026 07:29:06 GMT', 'Content-Type': 'application/json', 'Transfer-Encoding': 'chunked', 'Connection': 'keep-alive', 'Server': 'cloudflare', 'cf-cache-status': 'DYNAMIC', 'X-Content-Type-Options': 'nosniff', 'Content-Encoding': 'gzip', 'CF-RAY': 'a0e90f7bcb732963-BOM'} 
 body={"id":12212,"firstName":"John","lastName":"Smith","address":{"street":"1431 Main St","city":"Beverly Hills","state":"CA","zipCode":"90210"},"phoneNumber":"310-447-4121","ssn":"622-11-9999"} 
 </msg>
<msg time="2026-06-20T12:59:06.270997" level="INFO">${response} = &lt;Response [200]&gt;</msg>
<var>${response}</var>
<arg>bankApi</arg>
<arg>/login/${username_api}/${password_api}</arg>
<doc>Sends a GET request on a previously created HTTP Session.</doc>
<status status="PASS" start="2026-06-20T12:59:04.651860" elapsed="1.619230"/>
</kw>
<kw name="Should Be Equal As Integers" owner="BuiltIn">
<msg time="2026-06-20T12:59:06.275731" level="INFO">Argument types are:
&lt;class 'int'&gt;
&lt;class 'str'&gt;</msg>
<arg>${response.status_code}</arg>
<arg>200</arg>
<doc>Fails if objects are unequal after converting them to integers.</doc>
<status status="PASS" start="2026-06-20T12:59:06.273875" elapsed="0.001990"/>
</kw>
<kw name="Set Variable" owner="BuiltIn">
<msg time="2026-06-20T12:59:06.279962" level="INFO">${body} = {'id': 12212, 'firstName': 'John', 'lastName': 'Smith', 'address': {'street': '1431 Main St', 'city': 'Beverly Hills', 'state': 'CA', 'zipCode': '90210'}, 'phoneNumber': '310-447-4121', 'ssn': '622-11...</msg>
<var>${body}</var>
<arg>${response.json()}</arg>
<doc>Returns the given values which can then be assigned to a variables.</doc>
<status status="PASS" start="2026-06-20T12:59:06.278202" elapsed="0.001845"/>
</kw>
<kw name="Set Variable" owner="BuiltIn">
<msg time="2026-06-20T12:59:06.282859" level="INFO">${customerId} = 12212</msg>
<var>${customerId}</var>
<arg>${body}[id]</arg>
<doc>Returns the given values which can then be assigned to a variables.</doc>
<status status="PASS" start="2026-06-20T12:59:06.282141" elapsed="0.000786"/>
</kw>
<kw name="Set Suite Variable" owner="BuiltIn">
<msg time="2026-06-20T12:59:06.286177" level="INFO">${customerId} = 12212</msg>
<arg>${customerId}</arg>
<doc>Makes a variable available everywhere within the scope of the current suite.</doc>
<status status="PASS" start="2026-06-20T12:59:06.285257" elapsed="0.001033"/>
</kw>
<kw name="Log To Console" owner="BuiltIn">
<arg>Customer ID: ${customerId}</arg>
<doc>Logs the given message to the console.</doc>
<status status="PASS" start="2026-06-20T12:59:06.288432" elapsed="0.001007"/>
</kw>
<tag>@regression @api}</tag>
<doc>Verify login via REST API</doc>
<status status="PASS" start="2026-06-20T12:59:04.640320" elapsed="1.649695"/>
</kw>
<kw name="Valid Accounts Retrieval" owner="api_keywords">
<kw name="Create Dictionary" owner="BuiltIn">
<msg time="2026-06-20T12:59:06.291872" level="INFO">${headers} = {'Accept': 'application/json'}</msg>
<var>${headers}</var>
<arg>Accept=application/json</arg>
<doc>Creates and returns a dictionary based on the given ``items``.</doc>
<status status="PASS" start="2026-06-20T12:59:06.291230" elapsed="0.000702"/>
</kw>
<kw name="Create Session" owner="RequestsLibrary">
<msg time="2026-06-20T12:59:06.294859" level="INFO">Creating Session using : alias=bankApi, url=https://parabank.parasoft.com/parabank/services/bank, headers={'Accept': 'application/json'},                     cookies={}, auth=None, timeout=None, proxies=None, verify=True,                     debug=0 </msg>
<arg>bankApi</arg>
<arg>${API_BASE_URL}</arg>
<arg>verify=True</arg>
<arg>headers=${headers}</arg>
<doc>Create Session: create a HTTP session to a server</doc>
<status status="PASS" start="2026-06-20T12:59:06.293956" elapsed="0.001312"/>
</kw>
<kw name="GET On Session" owner="RequestsLibrary">
<msg time="2026-06-20T12:59:08.408406" level="INFO">GET Request : url=https://parabank.parasoft.com/parabank/services/bank/customers/12212/accounts 
 path_url=/parabank/services/bank/customers/12212/accounts 
 headers={'User-Agent': 'python-requests/2.34.2', 'Accept-Encoding': 'gzip, deflate, zstd', 'Accept': 'application/json', 'Connection': 'keep-alive'} 
 body=None 
 </msg>
<msg time="2026-06-20T12:59:08.408646" level="INFO">GET Response : url=https://parabank.parasoft.com/parabank/services/bank/customers/12212/accounts 
 status=200, reason=OK 
 headers={'Date': 'Sat, 20 Jun 2026 07:29:08 GMT', 'Content-Type': 'application/json', 'Transfer-Encoding': 'chunked', 'Connection': 'keep-alive', 'Server': 'cloudflare', 'cf-cache-status': 'DYNAMIC', 'X-Content-Type-Options': 'nosniff', 'Content-Encoding': 'gzip', 'CF-RAY': 'a0e90f85cfde2a99-BOM'} 
 body=[{"id":13344,"customerId":12212,"type":"CHECKING","balance":4122.93},{"id":13899,"customerId":12212,"type":"SAVINGS","balance":100.00},{"id":14121,"customerId":12212,"type":"SAVINGS","balance":200.00},{"id":14676,"customerId":12212,"type":"SAVINGS","balance":100.00},{"id":15342,"customerId":12212,"type":"SAVINGS","balance":100.00},{"id":15675,"customerId":12212,"type":"CHECKING","balance":100.00},{"id":19005,"customerId":12212,"type":"CHECKING","balance":100.00},{"id":19116,"customerId":12212,"type":"CHECKING","balance":100.00},{"id":19227,"customerId":12212,"type":"CHECKING","balance":100.00}] 
 </msg>
<msg time="2026-06-20T12:59:08.408990" level="INFO">${response} = &lt;Response [200]&gt;</msg>
<var>${response}</var>
<arg>bankApi</arg>
<arg>/customers/${customerId}/accounts</arg>
<doc>Sends a GET request on a previously created HTTP Session.</doc>
<status status="PASS" start="2026-06-20T12:59:06.297843" elapsed="2.111246"/>
</kw>
<kw name="Should Be Equal As Integers" owner="BuiltIn">
<msg time="2026-06-20T12:59:08.413828" level="INFO">Argument types are:
&lt;class 'int'&gt;
&lt;class 'str'&gt;</msg>
<arg>${response.status_code}</arg>
<arg>200</arg>
<doc>Fails if objects are unequal after converting them to integers.</doc>
<status status="PASS" start="2026-06-20T12:59:08.412084" elapsed="0.001946"/>
</kw>
<kw name="Set Variable" owner="BuiltIn">
<msg time="2026-06-20T12:59:08.418787" level="INFO">${body} = [{'id': 13344, 'customerId': 12212, 'type': 'CHECKING', 'balance': 4122.93}, {'id': 13899, 'customerId': 12212, 'type': 'SAVINGS', 'balance': 100.0}, {'id': 14121, 'customerId': 12212, 'type': 'SAVING...</msg>
<var>${body}</var>
<arg>${response.json()}</arg>
<doc>Returns the given values which can then be assigned to a variables.</doc>
<status status="PASS" start="2026-06-20T12:59:08.416535" elapsed="0.002381"/>
</kw>
<kw name="Set Variable" owner="BuiltIn">
<msg time="2026-06-20T12:59:08.423646" level="INFO">${accountId} = 13344</msg>
<var>${accountId}</var>
<arg>${body}[0][id]</arg>
<doc>Returns the given values which can then be assigned to a variables.</doc>
<status status="PASS" start="2026-06-20T12:59:08.422339" elapsed="0.001415"/>
</kw>
<kw name="Set Suite Variable" owner="BuiltIn">
<msg time="2026-06-20T12:59:08.428169" level="INFO">${accountId} = 13344</msg>
<arg>${accountId}</arg>
<doc>Makes a variable available everywhere within the scope of the current suite.</doc>
<status status="PASS" start="2026-06-20T12:59:08.427099" elapsed="0.001255"/>
</kw>
<kw name="Log To Console" owner="BuiltIn">
<arg>Account ID: ${accountId}</arg>
<doc>Logs the given message to the console.</doc>
<status status="PASS" start="2026-06-20T12:59:08.431224" elapsed="0.001021"/>
</kw>
<tag>@api</tag>
<tag>@regression</tag>
<doc>Retrieve accounts using customer ID</doc>
<status status="PASS" start="2026-06-20T12:59:06.290667" elapsed="2.142149"/>
</kw>
<kw name="Get Customer Details" owner="api_keywords">
<kw name="Create Dictionary" owner="BuiltIn">
<msg time="2026-06-20T12:59:08.435700" level="INFO">${headers} = {'Accept': 'application/json'}</msg>
<var>${headers}</var>
<arg>Accept=application/json</arg>
<doc>Creates and returns a dictionary based on the given ``items``.</doc>
<status status="PASS" start="2026-06-20T12:59:08.434594" elapsed="0.001215"/>
</kw>
<kw name="Create Session" owner="RequestsLibrary">
<msg time="2026-06-20T12:59:08.439797" level="INFO">Creating Session using : alias=bankApi, url=https://parabank.parasoft.com/parabank/services/bank, headers={'Accept': 'application/json'},                     cookies={}, auth=None, timeout=None, proxies=None, verify=True,                     debug=0 </msg>
<arg>bankApi</arg>
<arg>${API_BASE_URL}</arg>
<arg>verify=True</arg>
<arg>headers=${headers}</arg>
<doc>Create Session: create a HTTP session to a server</doc>
<status status="PASS" start="2026-06-20T12:59:08.438690" elapsed="0.001540"/>
</kw>
<kw name="GET On Session" owner="RequestsLibrary">
<msg time="2026-06-20T12:59:10.076093" level="INFO">GET Request : url=https://parabank.parasoft.com/parabank/services/bank/customers/12212 
 path_url=/parabank/services/bank/customers/12212 
 headers={'User-Agent': 'python-requests/2.34.2', 'Accept-Encoding': 'gzip, deflate, zstd', 'Accept': 'application/json', 'Connection': 'keep-alive'} 
 body=None 
 </msg>
<msg time="2026-06-20T12:59:10.076272" level="INFO">GET Response : url=https://parabank.parasoft.com/parabank/services/bank/customers/12212 
 status=200, reason=OK 
 headers={'Date': 'Sat, 20 Jun 2026 07:29:09 GMT', 'Content-Type': 'application/json', 'Transfer-Encoding': 'chunked', 'Connection': 'keep-alive', 'Server': 'cloudflare', 'cf-cache-status': 'DYNAMIC', 'X-Content-Type-Options': 'nosniff', 'Content-Encoding': 'gzip', 'CF-RAY': 'a0e90f938decbd55-BOM'} 
 body={"id":12212,"firstName":"John","lastName":"Smith","address":{"street":"1431 Main St","city":"Beverly Hills","state":"CA","zipCode":"90210"},"phoneNumber":"310-447-4121","ssn":"622-11-9999"} 
 </msg>
<msg time="2026-06-20T12:59:10.076480" level="INFO">${response} = &lt;Response [200]&gt;</msg>
<var>${response}</var>
<arg>bankApi</arg>
<arg>/customers/${customerId}</arg>
<doc>Sends a GET request on a previously created HTTP Session.</doc>
<status status="PASS" start="2026-06-20T12:59:08.443423" elapsed="1.633113"/>
</kw>
<kw name="Should Be Equal As Integers" owner="BuiltIn">
<msg time="2026-06-20T12:59:10.080929" level="INFO">Argument types are:
&lt;class 'int'&gt;
&lt;class 'str'&gt;</msg>
<arg>${response.status_code}</arg>
<arg>200</arg>
<doc>Fails if objects are unequal after converting them to integers.</doc>
<status status="PASS" start="2026-06-20T12:59:10.079141" elapsed="0.001986"/>
</kw>
<kw name="Set Variable" owner="BuiltIn">
<msg time="2026-06-20T12:59:10.085919" level="INFO">${body} = {'id': 12212, 'firstName': 'John', 'lastName': 'Smith', 'address': {'street': '1431 Main St', 'city': 'Beverly Hills', 'state': 'CA', 'zipCode': '90210'}, 'phoneNumber': '310-447-4121', 'ssn': '622-11...</msg>
<var>${body}</var>
<arg>${response.json()}</arg>
<doc>Returns the given values which can then be assigned to a variables.</doc>
<status status="PASS" start="2026-06-20T12:59:10.083908" elapsed="0.002118"/>
</kw>
<kw name="Log To Console" owner="BuiltIn">
<arg>${body}</arg>
<doc>Logs the given message to the console.</doc>
<status status="PASS" start="2026-06-20T12:59:10.088672" elapsed="0.000844"/>
</kw>
<kw name="Should Be Equal As Integers" owner="BuiltIn">
<arg>${body}[id]</arg>
<arg>${customerId}</arg>
<doc>Fails if objects are unequal after converting them to integers.</doc>
<status status="PASS" start="2026-06-20T12:59:10.090166" elapsed="0.000717"/>
</kw>
<kw name="Should Not Be Empty" owner="BuiltIn">
<msg time="2026-06-20T12:59:10.092211" level="INFO">Length is 4.</msg>
<arg>${body}[firstName]</arg>
<doc>Verifies that the given item is not empty.</doc>
<status status="PASS" start="2026-06-20T12:59:10.091320" elapsed="0.001020"/>
</kw>
<kw name="Should Not Be Empty" owner="BuiltIn">
<msg time="2026-06-20T12:59:10.095574" level="INFO">Length is 5.</msg>
<arg>${body}[lastName]</arg>
<doc>Verifies that the given item is not empty.</doc>
<status status="PASS" start="2026-06-20T12:59:10.094527" elapsed="0.001213"/>
</kw>
<kw name="Should Not Be Empty" owner="BuiltIn">
<msg time="2026-06-20T12:59:10.099281" level="INFO">Length is 12.</msg>
<arg>${body}[address][street]</arg>
<doc>Verifies that the given item is not empty.</doc>
<status status="PASS" start="2026-06-20T12:59:10.098463" elapsed="0.000945"/>
</kw>
<kw name="Should Not Be Empty" owner="BuiltIn">
<msg time="2026-06-20T12:59:10.103012" level="INFO">Length is 13.</msg>
<arg>${body}[address][city]</arg>
<doc>Verifies that the given item is not empty.</doc>
<status status="PASS" start="2026-06-20T12:59:10.101876" elapsed="0.001307"/>
</kw>
<kw name="Should Not Be Empty" owner="BuiltIn">
<msg time="2026-06-20T12:59:10.106090" level="INFO">Length is 2.</msg>
<arg>${body}[address][state]</arg>
<doc>Verifies that the given item is not empty.</doc>
<status status="PASS" start="2026-06-20T12:59:10.105260" elapsed="0.000960"/>
</kw>
<kw name="Should Not Be Empty" owner="BuiltIn">
<msg time="2026-06-20T12:59:10.109401" level="INFO">Length is 5.</msg>
<arg>${body}[address][zipCode]</arg>
<doc>Verifies that the given item is not empty.</doc>
<status status="PASS" start="2026-06-20T12:59:10.108290" elapsed="0.001259"/>
</kw>
<tag>@api</tag>
<tag>@regression</tag>
<tag>@smoke</tag>
<doc>Retrieve customer details using customer ID</doc>
<status status="PASS" start="2026-06-20T12:59:08.433766" elapsed="1.677853"/>
</kw>
<doc>Get Customer Details by ID</doc>
<tag>@regression @api</tag>
<status status="PASS" start="2026-06-20T12:59:04.638002" elapsed="5.474098"/>
</test>
<status status="PASS" start="2026-06-20T12:59:04.086533" elapsed="6.028245"/>
</suite>
<suite id="s1-s1-s2-s4" name="TC-API-LGN-01" source="C:\Users\azads\OneDrive\Desktop\project\tests\API\Positive\TC-API-LGN-01.robot">
<test id="s1-s1-s2-s4-t1" name="TC-API-LGN-01" line="5">
<kw name="Login User" owner="api_keywords">
<kw name="Create Dictionary" owner="BuiltIn">
<msg time="2026-06-20T12:59:06.813003" level="INFO">${headers} = {'Accept': 'application/json'}</msg>
<var>${headers}</var>
<arg>Accept=application/json</arg>
<doc>Creates and returns a dictionary based on the given ``items``.</doc>
<status status="PASS" start="2026-06-20T12:59:06.812004" elapsed="0.001100"/>
</kw>
<kw name="Create Session" owner="RequestsLibrary">
<msg time="2026-06-20T12:59:06.816780" level="INFO">Creating Session using : alias=bankApi, url=https://parabank.parasoft.com/parabank/services/bank, headers={'Accept': 'application/json'},                     cookies={}, auth=None, timeout=None, proxies=None, verify=True,                     debug=0 </msg>
<arg>bankApi</arg>
<arg>${API_BASE_URL}</arg>
<arg>verify=True</arg>
<arg>headers=${headers}</arg>
<doc>Create Session: create a HTTP session to a server</doc>
<status status="PASS" start="2026-06-20T12:59:06.815827" elapsed="0.001575"/>
</kw>
<kw name="GET On Session" owner="RequestsLibrary">
<msg time="2026-06-20T12:59:08.408631" level="INFO">GET Request : url=https://parabank.parasoft.com/parabank/services/bank/login/john/demo 
 path_url=/parabank/services/bank/login/john/demo 
 headers={'User-Agent': 'python-requests/2.34.2', 'Accept-Encoding': 'gzip, deflate, zstd', 'Accept': 'application/json', 'Connection': 'keep-alive'} 
 body=None 
 </msg>
<msg time="2026-06-20T12:59:08.409105" level="INFO">GET Response : url=https://parabank.parasoft.com/parabank/services/bank/login/john/demo 
 status=200, reason=OK 
 headers={'Date': 'Sat, 20 Jun 2026 07:29:08 GMT', 'Content-Type': 'application/json', 'Transfer-Encoding': 'chunked', 'Connection': 'keep-alive', 'Server': 'cloudflare', 'cf-cache-status': 'DYNAMIC', 'X-Content-Type-Options': 'nosniff', 'Content-Encoding': 'gzip', 'CF-RAY': 'a0e90f8919e42433-BOM'} 
 body={"id":12212,"firstName":"John","lastName":"Smith","address":{"street":"1431 Main St","city":"Beverly Hills","state":"CA","zipCode":"90210"},"phoneNumber":"310-447-4121","ssn":"622-11-9999"} 
 </msg>
<msg time="2026-06-20T12:59:08.409506" level="INFO">${response} = &lt;Response [200]&gt;</msg>
<var>${response}</var>
<arg>bankApi</arg>
<arg>/login/${username_api}/${password_api}</arg>
<doc>Sends a GET request on a previously created HTTP Session.</doc>
<status status="PASS" start="2026-06-20T12:59:06.820219" elapsed="1.589370"/>
</kw>
<kw name="Should Be Equal As Integers" owner="BuiltIn">
<msg time="2026-06-20T12:59:08.414501" level="INFO">Argument types are:
&lt;class 'int'&gt;
&lt;class 'str'&gt;</msg>
<arg>${response.status_code}</arg>
<arg>200</arg>
<doc>Fails if objects are unequal after converting them to integers.</doc>
<status status="PASS" start="2026-06-20T12:59:08.412466" elapsed="0.002305"/>
</kw>
<kw name="Set Variable" owner="BuiltIn">
<msg time="2026-06-20T12:59:08.419342" level="INFO">${body} = {'id': 12212, 'firstName': 'John', 'lastName': 'Smith', 'address': {'street': '1431 Main St', 'city': 'Beverly Hills', 'state': 'CA', 'zipCode': '90210'}, 'phoneNumber': '310-447-4121', 'ssn': '622-11...</msg>
<var>${body}</var>
<arg>${response.json()}</arg>
<doc>Returns the given values which can then be assigned to a variables.</doc>
<status status="PASS" start="2026-06-20T12:59:08.417487" elapsed="0.001952"/>
</kw>
<kw name="Set Variable" owner="BuiltIn">
<msg time="2026-06-20T12:59:08.423362" level="INFO">${customerId} = 12212</msg>
<var>${customerId}</var>
<arg>${body}[id]</arg>
<doc>Returns the given values which can then be assigned to a variables.</doc>
<status status="PASS" start="2026-06-20T12:59:08.422270" elapsed="0.001213"/>
</kw>
<kw name="Set Suite Variable" owner="BuiltIn">
<msg time="2026-06-20T12:59:08.427902" level="INFO">${customerId} = 12212</msg>
<arg>${customerId}</arg>
<doc>Makes a variable available everywhere within the scope of the current suite.</doc>
<status status="PASS" start="2026-06-20T12:59:08.426845" elapsed="0.001238"/>
</kw>
<kw name="Log To Console" owner="BuiltIn">
<arg>Customer ID: ${customerId}</arg>
<doc>Logs the given message to the console.</doc>
<status status="PASS" start="2026-06-20T12:59:08.431003" elapsed="0.001067"/>
</kw>
<tag>@regression @api}</tag>
<doc>Verify login via REST API</doc>
<status status="PASS" start="2026-06-20T12:59:06.810738" elapsed="1.621883"/>
</kw>
<doc>test case is to verify the login</doc>
<status status="PASS" start="2026-06-20T12:59:06.809114" elapsed="1.624158"/>
</test>
<status status="PASS" start="2026-06-20T12:59:06.212422" elapsed="2.222923"/>
</suite>
<suite id="s1-s1-s2-s5" name="TC-PERF-01" source="C:\Users\azads\OneDrive\Desktop\project\tests\API\Positive\TC-PERF-01.robot">
<test id="s1-s1-s2-s5-t1" name="TC-PERF-01" line="5">
<kw name="Login API Response Time" owner="api_keywords">
<kw name="Create Dictionary" owner="BuiltIn">
<msg time="2026-06-20T12:59:08.656421" level="INFO">${headers} = {'Accept': 'application/json'}</msg>
<var>${headers}</var>
<arg>Accept=application/json</arg>
<doc>Creates and returns a dictionary based on the given ``items``.</doc>
<status status="PASS" start="2026-06-20T12:59:08.655393" elapsed="0.001134"/>
</kw>
<kw name="Create Session" owner="RequestsLibrary">
<msg time="2026-06-20T12:59:08.659802" level="INFO">Creating Session using : alias=bankApi, url=https://parabank.parasoft.com/parabank/services/bank, headers={'Accept': 'application/json'},                     cookies={}, auth=None, timeout=None, proxies=None, verify=True,                     debug=0 </msg>
<arg>bankApi</arg>
<arg>${API_BASE_URL}</arg>
<arg>verify=True</arg>
<arg>headers=${headers}</arg>
<doc>Create Session: create a HTTP session to a server</doc>
<status status="PASS" start="2026-06-20T12:59:08.659123" elapsed="0.001275"/>
</kw>
<kw name="GET On Session" owner="RequestsLibrary">
<msg time="2026-06-20T12:59:10.362111" level="INFO">GET Request : url=https://parabank.parasoft.com/parabank/services/bank/login/john/demo 
 path_url=/parabank/services/bank/login/john/demo 
 headers={'User-Agent': 'python-requests/2.34.2', 'Accept-Encoding': 'gzip, deflate, zstd', 'Accept': 'application/json', 'Connection': 'keep-alive'} 
 body=None 
 </msg>
<msg time="2026-06-20T12:59:10.362427" level="INFO">GET Response : url=https://parabank.parasoft.com/parabank/services/bank/login/john/demo 
 status=200, reason=OK 
 headers={'Date': 'Sat, 20 Jun 2026 07:29:10 GMT', 'Content-Type': 'application/json', 'Transfer-Encoding': 'chunked', 'Connection': 'keep-alive', 'Server': 'cloudflare', 'cf-cache-status': 'DYNAMIC', 'X-Content-Type-Options': 'nosniff', 'Content-Encoding': 'gzip', 'CF-RAY': 'a0e90f956a883e45-BOM'} 
 body={"id":12212,"firstName":"John","lastName":"Smith","address":{"street":"1431 Main St","city":"Beverly Hills","state":"CA","zipCode":"90210"},"phoneNumber":"310-447-4121","ssn":"622-11-9999"} 
 </msg>
<msg time="2026-06-20T12:59:10.362929" level="INFO">${response} = &lt;Response [200]&gt;</msg>
<var>${response}</var>
<arg>bankApi</arg>
<arg>/login/${username_api}/${password_api}</arg>
<doc>Sends a GET request on a previously created HTTP Session.</doc>
<status status="PASS" start="2026-06-20T12:59:08.663332" elapsed="1.699706"/>
</kw>
<kw name="Should Be Equal As Integers" owner="BuiltIn">
<msg time="2026-06-20T12:59:10.367448" level="INFO">Argument types are:
&lt;class 'int'&gt;
&lt;class 'str'&gt;</msg>
<arg>${response.status_code}</arg>
<arg>200</arg>
<doc>Fails if objects are unequal after converting them to integers.</doc>
<status status="PASS" start="2026-06-20T12:59:10.365618" elapsed="0.001978"/>
</kw>
<kw name="Set Variable" owner="BuiltIn">
<msg time="2026-06-20T12:59:10.371084" level="INFO">${responseTime} = 1.694251</msg>
<var>${responseTime}</var>
<arg>${response.elapsed.total_seconds()}</arg>
<doc>Returns the given values which can then be assigned to a variables.</doc>
<status status="PASS" start="2026-06-20T12:59:10.369679" elapsed="0.001479"/>
</kw>
<kw name="Log To Console" owner="BuiltIn">
<arg>Response Time: ${responseTime} seconds</arg>
<doc>Logs the given message to the console.</doc>
<status status="PASS" start="2026-06-20T12:59:10.373162" elapsed="0.000791"/>
</kw>
<kw name="Should Be True" owner="BuiltIn">
<arg>${responseTime} &lt; 2</arg>
<doc>Fails if the given condition is not true.</doc>
<status status="PASS" start="2026-06-20T12:59:10.374413" elapsed="0.000795"/>
</kw>
<tag>@api</tag>
<tag>@performance</tag>
<doc>Verify login API responds within 2 seconds</doc>
<status status="PASS" start="2026-06-20T12:59:08.654262" elapsed="1.721280"/>
</kw>
<doc>Verify login api within 2 sec</doc>
<tag>@performance @api</tag>
<status status="PASS" start="2026-06-20T12:59:08.652786" elapsed="1.723116"/>
</test>
<status status="PASS" start="2026-06-20T12:59:08.092003" elapsed="2.285313"/>
</suite>
<suite id="s1-s1-s2-s6" name="TC-PERF-02" source="C:\Users\azads\OneDrive\Desktop\project\tests\API\Positive\TC-PERF-02.robot">
<test id="s1-s1-s2-s6-t1" name="TC-PERF-02" line="5">
<kw name="Get All Accounts Response Time" owner="api_keywords">
<kw name="Evaluate" owner="BuiltIn">
<msg time="2026-06-20T12:59:10.631970" level="INFO">${start} = 1781940550.631785</msg>
<var>${start}</var>
<arg>time.time()</arg>
<arg>modules=time</arg>
<doc>Evaluates the given expression in Python and returns the result.</doc>
<status status="PASS" start="2026-06-20T12:59:10.630629" elapsed="0.001443"/>
</kw>
<kw name="Login User" owner="api_keywords">
<kw name="Create Dictionary" owner="BuiltIn">
<msg time="2026-06-20T12:59:10.636688" level="INFO">${headers} = {'Accept': 'application/json'}</msg>
<var>${headers}</var>
<arg>Accept=application/json</arg>
<doc>Creates and returns a dictionary based on the given ``items``.</doc>
<status status="PASS" start="2026-06-20T12:59:10.635660" elapsed="0.001133"/>
</kw>
<kw name="Create Session" owner="RequestsLibrary">
<msg time="2026-06-20T12:59:10.640362" level="INFO">Creating Session using : alias=bankApi, url=https://parabank.parasoft.com/parabank/services/bank, headers={'Accept': 'application/json'},                     cookies={}, auth=None, timeout=None, proxies=None, verify=True,                     debug=0 </msg>
<arg>bankApi</arg>
<arg>${API_BASE_URL}</arg>
<arg>verify=True</arg>
<arg>headers=${headers}</arg>
<doc>Create Session: create a HTTP session to a server</doc>
<status status="PASS" start="2026-06-20T12:59:10.639531" elapsed="0.001252"/>
</kw>
<kw name="GET On Session" owner="RequestsLibrary">
<msg time="2026-06-20T12:59:12.677292" level="INFO">GET Request : url=https://parabank.parasoft.com/parabank/services/bank/login/john/demo 
 path_url=/parabank/services/bank/login/john/demo 
 headers={'User-Agent': 'python-requests/2.34.2', 'Accept-Encoding': 'gzip, deflate, zstd', 'Accept': 'application/json', 'Connection': 'keep-alive'} 
 body=None 
 </msg>
<msg time="2026-06-20T12:59:12.677657" level="INFO">GET Response : url=https://parabank.parasoft.com/parabank/services/bank/login/john/demo 
 status=200, reason=OK 
[...]
</kw>
<kw name="Wait Until Page Contains Element" owner="SeleniumLibrary">
<arg>${new_acc_chk}</arg>
<doc>Waits until the element ``locator`` appears on the current page.</doc>
<status status="PASS" start="2026-06-20T13:00:44.472414" elapsed="0.022328"/>
</kw>
<arg>SAVINGS</arg>
<doc>Opening DIFFERENT types of accounts</doc>
<status status="PASS" start="2026-06-20T13:00:43.374689" elapsed="1.120617"/>
</kw>
<kw name="Transfer Funds Between Accounts" owner="TransferFundPage">
<kw name="Wait Until Element Is Visible" owner="SeleniumLibrary">
<arg>${transfer_funds_btn}</arg>
<arg>10s</arg>
<doc>Waits until the element ``locator`` is visible.</doc>
<status status="PASS" start="2026-06-20T13:00:44.496850" elapsed="0.035848"/>
</kw>
<kw name="Click Element" owner="SeleniumLibrary">
<msg time="2026-06-20T13:00:44.533908" level="INFO">Clicking element '//a[text()='Transfer Funds']'.</msg>
<arg>${transfer_funds_btn}</arg>
<doc>Click the element identified by ``locator``.</doc>
<status status="PASS" start="2026-06-20T13:00:44.533387" elapsed="0.470220"/>
</kw>
<kw name="Input Text" owner="SeleniumLibrary">
<msg time="2026-06-20T13:00:45.008251" level="INFO">Typing text '100' into text field '//input[@id='amount']'.</msg>
<arg>${amount_input}</arg>
<arg>100</arg>
<doc>Types the given ``text`` into the text field identified by ``locator``.</doc>
<status status="PASS" start="2026-06-20T13:00:45.007332" elapsed="0.185247"/>
</kw>
<kw name="Wait Until Element Is Visible" owner="SeleniumLibrary">
<arg>${from_acc_dropdown}</arg>
<arg>10s</arg>
<doc>Waits until the element ``locator`` is visible.</doc>
<status status="PASS" start="2026-06-20T13:00:45.195573" elapsed="0.040077"/>
</kw>
<kw name="Click Element" owner="SeleniumLibrary">
<msg time="2026-06-20T13:00:45.237112" level="INFO">Clicking element '//select[@id='toAccountId']'.</msg>
<arg>${to_acc_dropdown}</arg>
<doc>Click the element identified by ``locator``.</doc>
<status status="PASS" start="2026-06-20T13:00:45.236425" elapsed="0.235790"/>
</kw>
<kw name="Wait Until Element Is Visible" owner="SeleniumLibrary">
<arg>${diff_acc}</arg>
<arg>10s</arg>
<doc>Waits until the element ``locator`` is visible.</doc>
<status status="PASS" start="2026-06-20T13:00:45.475992" elapsed="0.063782"/>
</kw>
<kw name="Click Element" owner="SeleniumLibrary">
<msg time="2026-06-20T13:00:45.541316" level="INFO">Clicking element '//select[@id="toAccountId"]/option[2]'.</msg>
<arg>${diff_acc}</arg>
<doc>Click the element identified by ``locator``.</doc>
<status status="PASS" start="2026-06-20T13:00:45.540593" elapsed="0.076922"/>
</kw>
<kw name="Click Element" owner="SeleniumLibrary">
<msg time="2026-06-20T13:00:45.621805" level="INFO">Clicking element '//input[@value='Transfer']'.</msg>
<arg>${transfer_btn}</arg>
<doc>Click the element identified by ``locator``.</doc>
<status status="PASS" start="2026-06-20T13:00:45.621023" elapsed="0.224535"/>
</kw>
<kw name="Page Should Contain" owner="SeleniumLibrary">
<msg time="2026-06-20T13:00:45.882848" level="INFO">Current page contains text 'Transfer Complete!'.</msg>
<arg>Transfer Complete!</arg>
<doc>Verifies that current page contains ``text``.</doc>
<status status="PASS" start="2026-06-20T13:00:45.848843" elapsed="0.034305"/>
</kw>
<status status="PASS" start="2026-06-20T13:00:44.496117" elapsed="1.389710"/>
</kw>
<kw name="Close Application" owner="common_keywords" type="TEARDOWN">
<kw name="Close All Browsers" owner="SeleniumLibrary">
<doc>Closes all open browsers and resets the browser cache.</doc>
<status status="PASS" start="2026-06-20T13:00:45.887928" elapsed="6.728588"/>
</kw>
<doc>Closing the application</doc>
<status status="PASS" start="2026-06-20T13:00:45.886861" elapsed="6.730226"/>
</kw>
<doc>Test case to transfer funds between two accounts</doc>
<status status="PASS" start="2026-06-20T13:00:37.205027" elapsed="15.412356"/>
</test>
<status status="PASS" start="2026-06-20T13:00:36.617095" elapsed="16.004064"/>
</suite>
<suite id="s1-s3-s2-s8" name="TC-UI-TF-07" source="C:\Users\azads\OneDrive\Desktop\project\tests\UI\Positive\TC-UI-TF-07.robot">
<kw name="Load Environment" owner="common_keywords" type="SETUP">
<kw name="Load Env" owner="environment">
<arg>${ENV}</arg>
<status status="PASS" start="2026-06-20T13:00:37.284911" elapsed="0.002686"/>
</kw>
<kw name="Get Env" owner="environment">
<msg time="2026-06-20T13:00:37.288910" level="INFO">${url} = https://parabank.parasoft.com</msg>
<var>${url}</var>
<arg>baseurl</arg>
<status status="PASS" start="2026-06-20T13:00:37.288236" elapsed="0.000781"/>
</kw>
<kw name="Get Env" owner="environment">
<msg time="2026-06-20T13:00:37.292308" level="INFO">${phone_no} = </msg>
<var>${phone_no}</var>
<arg>ph_no</arg>
<status status="PASS" start="2026-06-20T13:00:37.291554" elapsed="0.000894"/>
</kw>
<kw name="Set Global Variable" owner="BuiltIn">
<msg time="2026-06-20T13:00:37.298627" level="INFO">${BASE_URL} = https://parabank.parasoft.com</msg>
<arg>${BASE_URL}</arg>
<arg>${url}</arg>
<doc>Makes a variable available globally in all tests and suites.</doc>
<status status="PASS" start="2026-06-20T13:00:37.295272" elapsed="0.003553"/>
</kw>
<kw name="Set Global Variable" owner="BuiltIn">
<msg time="2026-06-20T13:00:37.304073" level="INFO">${USER_PHONE} = </msg>
<arg>${USER_PHONE}</arg>
<arg>${phone_no}</arg>
<doc>Makes a variable available globally in all tests and suites.</doc>
<status status="PASS" start="2026-06-20T13:00:37.301686" elapsed="0.002526"/>
</kw>
<kw name="Log" owner="BuiltIn">
<msg time="2026-06-20T13:00:37.307654" level="INFO">Loaded BASE_URL=https://parabank.parasoft.com</msg>
<arg>Loaded BASE_URL=${BASE_URL}</arg>
<doc>Logs the given message with the given level.</doc>
<status status="PASS" start="2026-06-20T13:00:37.306632" elapsed="0.001428"/>
</kw>
<status status="PASS" start="2026-06-20T13:00:37.283205" elapsed="0.027456"/>
</kw>
<test id="s1-s3-s2-s8-t1" name="TC-UI-TF-07" line="13">
<kw name="Open Application" owner="common_keywords" type="SETUP">
<kw name="Should Not Be Empty" owner="BuiltIn">
<msg time="2026-06-20T13:00:37.314919" level="INFO">Length is 29.</msg>
<arg>${BASE_URL}</arg>
<arg>Base URL must not be empty. Please set it in config/env.yaml</arg>
<doc>Verifies that the given item is not empty.</doc>
<status status="PASS" start="2026-06-20T13:00:37.313808" elapsed="0.001235"/>
</kw>
<kw name="Open Browser" owner="SeleniumLibrary">
<msg time="2026-06-20T13:00:37.318492" level="INFO">Opening browser 'chrome' to base url 'https://parabank.parasoft.com'.</msg>
<arg>${BASE_URL}</arg>
<arg>${BROWSER}</arg>
<doc>Opens a new browser instance to the optional ``url``.</doc>
<status status="PASS" start="2026-06-20T13:00:37.317650" elapsed="4.249406"/>
</kw>
<kw name="Maximize Browser Window" owner="SeleniumLibrary">
<doc>Maximizes current browser window.</doc>
<status status="PASS" start="2026-06-20T13:00:41.572159" elapsed="0.063342"/>
</kw>
<doc>Opens the application</doc>
<status status="PASS" start="2026-06-20T13:00:37.312957" elapsed="4.324552"/>
</kw>
<kw name="temp login" owner="LoginPage">
<kw name="Wait Until Element Is Visible" owner="SeleniumLibrary">
<arg>${username_txt}</arg>
<arg>3s</arg>
<doc>Waits until the element ``locator`` is visible.</doc>
<status status="PASS" start="2026-06-20T13:00:41.650015" elapsed="0.102771"/>
</kw>
<kw name="Input Text" owner="SeleniumLibrary">
<msg time="2026-06-20T13:00:41.754402" level="INFO">Typing text 'john' into text field 'xpath=//input[@name='username']'.</msg>
<arg>${username_txt}</arg>
<arg>john</arg>
<doc>Types the given ``text`` into the text field identified by ``locator``.</doc>
<status status="PASS" start="2026-06-20T13:00:41.753596" elapsed="0.284259"/>
</kw>
<kw name="Input Text" owner="SeleniumLibrary">
<msg time="2026-06-20T13:00:42.042871" level="INFO">Typing text 'demo' into text field 'xpath=//input[@name='password']'.</msg>
<arg>${password_txt}</arg>
<arg>demo</arg>
<doc>Types the given ``text`` into the text field identified by ``locator``.</doc>
<status status="PASS" start="2026-06-20T13:00:42.041867" elapsed="0.171251"/>
</kw>
<kw name="Click Element" owner="SeleniumLibrary">
<msg time="2026-06-20T13:00:42.216655" level="INFO">Clicking element 'xpath=//input[@value='Log In']'.</msg>
<arg>${login_btn}</arg>
<doc>Click the element identified by ``locator``.</doc>
<status status="PASS" start="2026-06-20T13:00:42.215916" elapsed="1.062537"/>
</kw>
<kw name="Page Should Contain Element" owner="SeleniumLibrary">
<msg time="2026-06-20T13:00:43.334103" level="INFO">Current page contains element 'xpath=//a[text()='Log Out']'.</msg>
<arg>${logout_btn}</arg>
<doc>Verifies that element ``locator`` is found on the current page.</doc>
<status status="PASS" start="2026-06-20T13:00:43.281378" elapsed="0.052985"/>
</kw>
<doc>logging in to Para Bank account</doc>
<status status="PASS" start="2026-06-20T13:00:41.638495" elapsed="1.698372"/>
</kw>
<kw name="Open Account" owner="OpenAccountPage">
<kw name="Wait Until Page Contains Element" owner="SeleniumLibrary">
<arg>${acc_btn}</arg>
<arg>10s</arg>
<doc>Waits until the element ``locator`` appears on the current page.</doc>
<status status="PASS" start="2026-06-20T13:00:43.338594" elapsed="0.023243"/>
</kw>
<kw name="Click Element" owner="SeleniumLibrary">
<msg time="2026-06-20T13:00:43.363377" level="INFO">Clicking element '//a[text()='Open New Account']'.</msg>
<arg>${acc_btn}</arg>
<doc>Click the element identified by ``locator``.</doc>
<status status="PASS" start="2026-06-20T13:00:43.362777" elapsed="0.466307"/>
</kw>
<kw name="Wait Until Page Contains Element" owner="SeleniumLibrary">
<arg>${dropdown_acc_type}</arg>
<arg>10s</arg>
<doc>Waits until the element ``locator`` appears on the current page.</doc>
<status status="PASS" start="2026-06-20T13:00:43.832247" elapsed="0.022762"/>
</kw>
<kw name="Page Should Contain List" owner="SeleniumLibrary">
<msg time="2026-06-20T13:00:43.884204" level="INFO">Current page contains list '//select[@id="type"]'.</msg>
<arg>${dropdown_acc_type}</arg>
<doc>Verifies selection list ``locator`` is found from current page.</doc>
<status status="PASS" start="2026-06-20T13:00:43.855669" elapsed="0.028750"/>
</kw>
<kw name="Select From List By Label" owner="SeleniumLibrary">
<msg time="2026-06-20T13:00:43.888063" level="INFO">Selecting options from selection list '//select[@id="type"]' by label SAVINGS.</msg>
<arg>${dropdown_acc_type}</arg>
<arg>${acc_type}</arg>
<doc>Selects options from selection list ``locator`` by ``labels``.</doc>
<status status="PASS" start="2026-06-20T13:00:43.887083" elapsed="0.183647"/>
</kw>
<kw name="Press Keys" owner="SeleniumLibrary">
<msg time="2026-06-20T13:00:44.074770" level="INFO">Sending key(s) ('ENTER',) to //input[@value="Open New Account"] element.</msg>
<msg time="2026-06-20T13:00:44.393574" level="INFO">Pressing special key ENTER to element.</msg>
<msg time="2026-06-20T13:00:44.393775" level="INFO">Releasing special key ENTER.</msg>
<arg>${open_acc_btn}</arg>
<arg>ENTER</arg>
<doc>Simulates the user pressing key(s) to an element or on the active browser.</doc>
<status status="PASS" start="2026-06-20T13:00:44.073410" elapsed="0.332684"/>
</kw>
<kw name="Wait Until Page Contains Element" owner="SeleniumLibrary">
<arg>${new_acc_chk}</arg>
<doc>Waits until the element ``locator`` appears on the current page.</doc>
<status status="PASS" start="2026-06-20T13:00:44.408653" elapsed="0.018169"/>
</kw>
<arg>SAVINGS</arg>
<doc>Opening DIFFERENT types of accounts</doc>
<status status="PASS" start="2026-06-20T13:00:43.337723" elapsed="1.089689"/>
</kw>
<kw name="Transfer Funds Between Accounts With Decimal Amount" owner="TransferFundPage">
<kw name="Wait Until Element Is Visible" owner="SeleniumLibrary">
<arg>${transfer_funds_btn}</arg>
<arg>10s</arg>
<doc>Waits until the element ``locator`` is visible.</doc>
<status status="PASS" start="2026-06-20T13:00:44.429206" elapsed="0.035514"/>
</kw>
<kw name="Click Element" owner="SeleniumLibrary">
<msg time="2026-06-20T13:00:44.466250" level="INFO">Clicking element '//a[text()='Transfer Funds']'.</msg>
<arg>${transfer_funds_btn}</arg>
<doc>Click the element identified by ``locator``.</doc>
<status status="PASS" start="2026-06-20T13:00:44.465537" elapsed="0.450160"/>
</kw>
<kw name="Input Text" owner="SeleniumLibrary">
<msg time="2026-06-20T13:00:44.918698" level="INFO">Typing text '25.50' into text field '//input[@id='amount']'.</msg>
<arg>${amount_input}</arg>
<arg>25.50</arg>
<doc>Types the given ``text`` into the text field identified by ``locator``.</doc>
<status status="PASS" start="2026-06-20T13:00:44.917944" elapsed="0.201472"/>
</kw>
<kw name="Wait Until Element Is Visible" owner="SeleniumLibrary">
<arg>${from_acc_dropdown}</arg>
<arg>10s</arg>
<doc>Waits until the element ``locator`` is visible.</doc>
<status status="PASS" start="2026-06-20T13:00:45.122347" elapsed="0.048055"/>
</kw>
<kw name="Click Element" owner="SeleniumLibrary">
<msg time="2026-06-20T13:00:45.171884" level="INFO">Clicking element '//select[@id='toAccountId']'.</msg>
<arg>${to_acc_dropdown}</arg>
<doc>Click the element identified by ``locator``.</doc>
<status status="PASS" start="2026-06-20T13:00:45.171237" elapsed="0.183222"/>
</kw>
<kw name="Wait Until Element Is Visible" owner="SeleniumLibrary">
<arg>${diff_acc}</arg>
<arg>10s</arg>
<doc>Waits until the element ``locator`` is visible.</doc>
<status status="PASS" start="2026-06-20T13:00:45.358585" elapsed="0.051892"/>
</kw>
<kw name="Click Element" owner="SeleniumLibrary">
<msg time="2026-06-20T13:00:45.412400" level="INFO">Clicking element '//select[@id="toAccountId"]/option[2]'.</msg>
<arg>${diff_acc}</arg>
<doc>Click the element identified by ``locator``.</doc>
<status status="PASS" start="2026-06-20T13:00:45.411370" elapsed="0.092586"/>
</kw>
<kw name="Click Element" owner="SeleniumLibrary">
<msg time="2026-06-20T13:00:45.508586" level="INFO">Clicking element '//input[@value='Transfer']'.</msg>
<arg>${transfer_btn}</arg>
<doc>Click the element identified by ``locator``.</doc>
<status status="PASS" start="2026-06-20T13:00:45.507573" elapsed="0.195430"/>
</kw>
<kw name="Page Should Contain" owner="SeleniumLibrary">
<msg time="2026-06-20T13:00:45.738811" level="INFO">Current page contains text 'Transfer Complete!'.</msg>
<arg>Transfer Complete!</arg>
<doc>Verifies that current page contains ``text``.</doc>
<status status="PASS" start="2026-06-20T13:00:45.705446" elapsed="0.033575"/>
</kw>
<status status="PASS" start="2026-06-20T13:00:44.428354" elapsed="1.313987"/>
</kw>
<kw name="Close Application" owner="common_keywords" type="TEARDOWN">
<kw name="Close All Browsers" owner="SeleniumLibrary">
<doc>Closes all open browsers and resets the browser cache.</doc>
<status status="PASS" start="2026-06-20T13:00:45.744824" elapsed="6.559997"/>
</kw>
<doc>Closing the application</doc>
<status status="PASS" start="2026-06-20T13:00:45.743594" elapsed="6.561928"/>
</kw>
<doc>Test case to transfer funds between two accounts with decimal amount</doc>
<status status="PASS" start="2026-06-20T13:00:37.311240" elapsed="14.994726"/>
</test>
<status status="PASS" start="2026-06-20T13:00:36.736089" elapsed="15.574249"/>
</suite>
<status status="PASS" start="2026-06-20T13:00:04.445000" elapsed="48.183000"/>
</suite>
<status status="PASS" start="2026-06-20T12:59:33.217000" elapsed="79.412000"/>
</suite>
<status status="PASS" start="2026-06-20T12:58:51.418000" elapsed="121.212000"/>
</suite>
<statistics>
<total>
<stat pass="30" fail="0" skip="0">All Tests</stat>
</total>
<tag>
<stat pass="4" fail="0" skip="0">@api</stat>
<stat pass="5" fail="0" skip="0">@negative</stat>
<stat pass="1" fail="0" skip="0">@Performance</stat>
<stat pass="3" fail="0" skip="0">@performance @api</stat>
<stat pass="1" fail="0" skip="0">@performance @api @negative</stat>
<stat pass="1" fail="0" skip="0">@regression @api</stat>
<stat pass="3" fail="0" skip="0">E2E</stat>
<stat pass="3" fail="0" skip="0">Hybrid</stat>
<stat pass="1" fail="0" skip="0">Positive</stat>
<stat pass="1" fail="0" skip="0">Smoke</stat>
</tag>
<suite>
<stat name="Tests" id="s1" pass="30" fail="0" skip="0">Tests</stat>
<stat name="API" id="s1-s1" pass="14" fail="0" skip="0">Tests.API</stat>
<stat name="Negative" id="s1-s1-s1" pass="7" fail="0" skip="0">Tests.API.Negative</stat>
<stat name="TC-API-ACC-02" id="s1-s1-s1-s1" pass="1" fail="0" skip="0">Tests.API.Negative.TC-API-ACC-02</stat>
<stat name="TC-API-ACC-07" id="s1-s1-s1-s2" pass="1" fail="0" skip="0">Tests.API.Negative.TC-API-ACC-07</stat>
<stat name="TC-API-LGN-02" id="s1-s1-s1-s3" pass="1" fail="0" skip="0">Tests.API.Negative.TC-API-LGN-02</stat>
<stat name="TC-API-LGN-03" id="s1-s1-s1-s4" pass="1" fail="0" skip="0">Tests.API.Negative.TC-API-LGN-03</stat>
<stat name="TC-API-LGN-04" id="s1-s1-s1-s5" pass="1" fail="0" skip="0">Tests.API.Negative.TC-API-LGN-04</stat>
<stat name="TC-PERF-04" id="s1-s1-s1-s6" pass="1" fail="0" skip="0">Tests.API.Negative.TC-PERF-04</stat>
<stat name="TC-PERF-05" id="s1-s1-s1-s7" pass="1" fail="0" skip="0">Tests.API.Negative.TC-PERF-05</stat>
<stat name="Positive" id="s1-s1-s2" pass="7" fail="0" skip="0">Tests.API.Positive</stat>
<stat name="TC-API-ACC-01" id="s1-s1-s2-s1" pass="1" fail="0" skip="0">Tests.API.Positive.TC-API-ACC-01</stat>
<stat name="TC-API-ACC-06" id="s1-s1-s2-s2" pass="1" fail="0" skip="0">Tests.API.Positive.TC-API-ACC-06</stat>
<stat name="TC-API-CUST-01" id="s1-s1-s2-s3" pass="1" fail="0" skip="0">Tests.API.Positive.TC-API-CUST-01</stat>
<stat name="TC-API-LGN-01" id="s1-s1-s2-s4" pass="1" fail="0" skip="0">Tests.API.Positive.TC-API-LGN-01</stat>
<stat name="TC-PERF-01" id="s1-s1-s2-s5" pass="1" fail="0" skip="0">Tests.API.Positive.TC-PERF-01</stat>
<stat name="TC-PERF-02" id="s1-s1-s2-s6" pass="1" fail="0" skip="0">Tests.API.Positive.TC-PERF-02</stat>
<stat name="TC-PERF-03" id="s1-s1-s2-s7" pass="1" fail="0" skip="0">Tests.API.Positive.TC-PERF-03</stat>
<stat name="Hybrid" id="s1-s2" pass="3" fail="0" skip="0">Tests.Hybrid</stat>
<stat name="TC-E2E-01" id="s1-s2-s1" pass="1" fail="0" skip="0">Tests.Hybrid.TC-E2E-01</stat>
<stat name="TC-E2E-02" id="s1-s2-s2" pass="1" fail="0" skip="0">Tests.Hybrid.TC-E2E-02</stat>
<stat name="TC-E2E-03" id="s1-s2-s3" pass="1" fail="0" skip="0">Tests.Hybrid.TC-E2E-03</stat>
<stat name="UI" id="s1-s3" pass="13" fail="0" skip="0">Tests.UI</stat>
<stat name="Negative" id="s1-s3-s1" pass="5" fail="0" skip="0">Tests.UI.Negative</stat>
<stat name="TC-UI-LGN-02" id="s1-s3-s1-s1" pass="1" fail="0" skip="0">Tests.UI.Negative.TC-UI-LGN-02</stat>
<stat name="TC-UI-LGN-05" id="s1-s3-s1-s2" pass="1" fail="0" skip="0">Tests.UI.Negative.TC-UI-LGN-05</stat>
<stat name="TC-UI-REG-02" id="s1-s3-s1-s3" pass="1" fail="0" skip="0">Tests.UI.Negative.TC-UI-REG-02</stat>
<stat name="TC-UI-TF-04" id="s1-s3-s1-s4" pass="1" fail="0" skip="0">Tests.UI.Negative.TC-UI-TF-04</stat>
<stat name="TC-UI-TF-05" id="s1-s3-s1-s5" pass="1" fail="0" skip="0">Tests.UI.Negative.TC-UI-TF-05</stat>
<stat name="Positive" id="s1-s3-s2" pass="8" fail="0" skip="0">Tests.UI.Positive</stat>
<stat name="TC-UI-AO-01" id="s1-s3-s2-s1" pass="1" fail="0" skip="0">Tests.UI.Positive.TC-UI-AO-01</stat>
<stat name="TC-UI-LGN-01" id="s1-s3-s2-s2" pass="1" fail="0" skip="0">Tests.UI.Positive.TC-UI-LGN-01</stat>
<stat name="TC-UI-LGN-06" id="s1-s3-s2-s3" pass="1" fail="0" skip="0">Tests.UI.Positive.TC-UI-LGN-06</stat>
<stat name="TC-UI-OA-01" id="s1-s3-s2-s4" pass="1" fail="0" skip="0">Tests.UI.Positive.TC-UI-OA-01</stat>
<stat name="TC-UI-OA-02" id="s1-s3-s2-s5" pass="1" fail="0" skip="0">Tests.UI.Positive.TC-UI-OA-02</stat>
<stat name="TC-UI-REG-01" id="s1-s3-s2-s6" pass="1" fail="0" skip="0">Tests.UI.Positive.TC-UI-REG-01</stat>
<stat name="TC-UI-TF-01" id="s1-s3-s2-s7" pass="1" fail="0" skip="0">Tests.UI.Positive.TC-UI-TF-01</stat>
<stat name="TC-UI-TF-07" id="s1-s3-s2-s8" pass="1" fail="0" skip="0">Tests.UI.Positive.TC-UI-TF-07</stat>
</suite>
</statistics>
<errors>
</errors>
</robot>
